ARM GAS  /var/folders/06/9k7gq4t13mj84z2yhw3grvhc0000gn/T//ccwZfdpA.s 			page 1


   1              		.cpu cortex-m4
   2              		.arch armv7e-m
   3              		.fpu fpv4-sp-d16
   4              		.eabi_attribute 27, 1
   5              		.eabi_attribute 28, 1
   6              		.eabi_attribute 20, 1
   7              		.eabi_attribute 21, 1
   8              		.eabi_attribute 23, 3
   9              		.eabi_attribute 24, 1
  10              		.eabi_attribute 25, 1
  11              		.eabi_attribute 26, 1
  12              		.eabi_attribute 30, 6
  13              		.eabi_attribute 34, 1
  14              		.eabi_attribute 18, 4
  15              		.file	"i2c.c"
  16              		.text
  17              	.Ltext0:
  18              		.cfi_sections	.debug_frame
  19              		.file 1 "Core/Src/i2c.c"
  20              		.global	hi2c3
  21              		.section	.bss.hi2c3,"aw",%nobits
  22              		.align	2
  25              	hi2c3:
  26 0000 00000000 		.space	84
  26      00000000 
  26      00000000 
  26      00000000 
  26      00000000 
  27              		.section	.text.MX_I2C3_Init,"ax",%progbits
  28              		.align	1
  29              		.global	MX_I2C3_Init
  30              		.syntax unified
  31              		.thumb
  32              		.thumb_func
  34              	MX_I2C3_Init:
  35              	.LFB137:
   1:Core/Src/i2c.c **** /* USER CODE BEGIN Header */
   2:Core/Src/i2c.c **** /**
   3:Core/Src/i2c.c ****   ******************************************************************************
   4:Core/Src/i2c.c ****   * @file    i2c.c
   5:Core/Src/i2c.c ****   * @brief   This file provides code for the configuration
   6:Core/Src/i2c.c ****   *          of the I2C instances.
   7:Core/Src/i2c.c ****   ******************************************************************************
   8:Core/Src/i2c.c ****   * @attention
   9:Core/Src/i2c.c ****   *
  10:Core/Src/i2c.c ****   * Copyright (c) 2024 STMicroelectronics.
  11:Core/Src/i2c.c ****   * All rights reserved.
  12:Core/Src/i2c.c ****   *
  13:Core/Src/i2c.c ****   * This software is licensed under terms that can be found in the LICENSE file
  14:Core/Src/i2c.c ****   * in the root directory of this software component.
  15:Core/Src/i2c.c ****   * If no LICENSE file comes with this software, it is provided AS-IS.
  16:Core/Src/i2c.c ****   *
  17:Core/Src/i2c.c ****   ******************************************************************************
  18:Core/Src/i2c.c ****   */
  19:Core/Src/i2c.c **** /* USER CODE END Header */
  20:Core/Src/i2c.c **** /* Includes ------------------------------------------------------------------*/
  21:Core/Src/i2c.c **** #include "i2c.h"
ARM GAS  /var/folders/06/9k7gq4t13mj84z2yhw3grvhc0000gn/T//ccwZfdpA.s 			page 2


  22:Core/Src/i2c.c **** 
  23:Core/Src/i2c.c **** /* USER CODE BEGIN 0 */
  24:Core/Src/i2c.c **** 
  25:Core/Src/i2c.c **** /* USER CODE END 0 */
  26:Core/Src/i2c.c **** 
  27:Core/Src/i2c.c **** I2C_HandleTypeDef hi2c3;
  28:Core/Src/i2c.c **** 
  29:Core/Src/i2c.c **** /* I2C3 init function */
  30:Core/Src/i2c.c **** void MX_I2C3_Init(void)
  31:Core/Src/i2c.c **** {
  36              		.loc 1 31 1
  37              		.cfi_startproc
  38              		@ args = 0, pretend = 0, frame = 0
  39              		@ frame_needed = 1, uses_anonymous_args = 0
  40 0000 80B5     		push	{r7, lr}
  41              	.LCFI0:
  42              		.cfi_def_cfa_offset 8
  43              		.cfi_offset 7, -8
  44              		.cfi_offset 14, -4
  45 0002 00AF     		add	r7, sp, #0
  46              	.LCFI1:
  47              		.cfi_def_cfa_register 7
  32:Core/Src/i2c.c **** 
  33:Core/Src/i2c.c ****   /* USER CODE BEGIN I2C3_Init 0 */
  34:Core/Src/i2c.c **** 
  35:Core/Src/i2c.c ****   /* USER CODE END I2C3_Init 0 */
  36:Core/Src/i2c.c **** 
  37:Core/Src/i2c.c ****   /* USER CODE BEGIN I2C3_Init 1 */
  38:Core/Src/i2c.c **** 
  39:Core/Src/i2c.c ****   /* USER CODE END I2C3_Init 1 */
  40:Core/Src/i2c.c ****   hi2c3.Instance = I2C3;
  48              		.loc 1 40 18
  49 0004 1B4B     		ldr	r3, .L6
  50 0006 1C4A     		ldr	r2, .L6+4
  51 0008 1A60     		str	r2, [r3]
  41:Core/Src/i2c.c ****   hi2c3.Init.ClockSpeed = 100000;
  52              		.loc 1 41 25
  53 000a 1A4B     		ldr	r3, .L6
  54 000c 1B4A     		ldr	r2, .L6+8
  55 000e 5A60     		str	r2, [r3, #4]
  42:Core/Src/i2c.c ****   hi2c3.Init.DutyCycle = I2C_DUTYCYCLE_2;
  56              		.loc 1 42 24
  57 0010 184B     		ldr	r3, .L6
  58 0012 0022     		movs	r2, #0
  59 0014 9A60     		str	r2, [r3, #8]
  43:Core/Src/i2c.c ****   hi2c3.Init.OwnAddress1 = 0;
  60              		.loc 1 43 26
  61 0016 174B     		ldr	r3, .L6
  62 0018 0022     		movs	r2, #0
  63 001a DA60     		str	r2, [r3, #12]
  44:Core/Src/i2c.c ****   hi2c3.Init.AddressingMode = I2C_ADDRESSINGMODE_7BIT;
  64              		.loc 1 44 29
  65 001c 154B     		ldr	r3, .L6
  66 001e 4FF48042 		mov	r2, #16384
  67 0022 1A61     		str	r2, [r3, #16]
  45:Core/Src/i2c.c ****   hi2c3.Init.DualAddressMode = I2C_DUALADDRESS_DISABLE;
  68              		.loc 1 45 30
ARM GAS  /var/folders/06/9k7gq4t13mj84z2yhw3grvhc0000gn/T//ccwZfdpA.s 			page 3


  69 0024 134B     		ldr	r3, .L6
  70 0026 0022     		movs	r2, #0
  71 0028 5A61     		str	r2, [r3, #20]
  46:Core/Src/i2c.c ****   hi2c3.Init.OwnAddress2 = 0;
  72              		.loc 1 46 26
  73 002a 124B     		ldr	r3, .L6
  74 002c 0022     		movs	r2, #0
  75 002e 9A61     		str	r2, [r3, #24]
  47:Core/Src/i2c.c ****   hi2c3.Init.GeneralCallMode = I2C_GENERALCALL_DISABLE;
  76              		.loc 1 47 30
  77 0030 104B     		ldr	r3, .L6
  78 0032 0022     		movs	r2, #0
  79 0034 DA61     		str	r2, [r3, #28]
  48:Core/Src/i2c.c ****   hi2c3.Init.NoStretchMode = I2C_NOSTRETCH_DISABLE;
  80              		.loc 1 48 28
  81 0036 0F4B     		ldr	r3, .L6
  82 0038 0022     		movs	r2, #0
  83 003a 1A62     		str	r2, [r3, #32]
  49:Core/Src/i2c.c ****   if (HAL_I2C_Init(&hi2c3) != HAL_OK)
  84              		.loc 1 49 7
  85 003c 0D48     		ldr	r0, .L6
  86 003e FFF7FEFF 		bl	HAL_I2C_Init
  87 0042 0346     		mov	r3, r0
  88              		.loc 1 49 6 discriminator 1
  89 0044 002B     		cmp	r3, #0
  90 0046 01D0     		beq	.L2
  50:Core/Src/i2c.c ****   {
  51:Core/Src/i2c.c ****     Error_Handler();
  91              		.loc 1 51 5
  92 0048 FFF7FEFF 		bl	Error_Handler
  93              	.L2:
  52:Core/Src/i2c.c ****   }
  53:Core/Src/i2c.c **** 
  54:Core/Src/i2c.c ****   /** Configure Analogue filter
  55:Core/Src/i2c.c ****   */
  56:Core/Src/i2c.c ****   if (HAL_I2CEx_ConfigAnalogFilter(&hi2c3, I2C_ANALOGFILTER_ENABLE) != HAL_OK)
  94              		.loc 1 56 7
  95 004c 0021     		movs	r1, #0
  96 004e 0948     		ldr	r0, .L6
  97 0050 FFF7FEFF 		bl	HAL_I2CEx_ConfigAnalogFilter
  98 0054 0346     		mov	r3, r0
  99              		.loc 1 56 6 discriminator 1
 100 0056 002B     		cmp	r3, #0
 101 0058 01D0     		beq	.L3
  57:Core/Src/i2c.c ****   {
  58:Core/Src/i2c.c ****     Error_Handler();
 102              		.loc 1 58 5
 103 005a FFF7FEFF 		bl	Error_Handler
 104              	.L3:
  59:Core/Src/i2c.c ****   }
  60:Core/Src/i2c.c **** 
  61:Core/Src/i2c.c ****   /** Configure Digital filter
  62:Core/Src/i2c.c ****   */
  63:Core/Src/i2c.c ****   if (HAL_I2CEx_ConfigDigitalFilter(&hi2c3, 0) != HAL_OK)
 105              		.loc 1 63 7
 106 005e 0021     		movs	r1, #0
 107 0060 0448     		ldr	r0, .L6
ARM GAS  /var/folders/06/9k7gq4t13mj84z2yhw3grvhc0000gn/T//ccwZfdpA.s 			page 4


 108 0062 FFF7FEFF 		bl	HAL_I2CEx_ConfigDigitalFilter
 109 0066 0346     		mov	r3, r0
 110              		.loc 1 63 6 discriminator 1
 111 0068 002B     		cmp	r3, #0
 112 006a 01D0     		beq	.L5
  64:Core/Src/i2c.c ****   {
  65:Core/Src/i2c.c ****     Error_Handler();
 113              		.loc 1 65 5
 114 006c FFF7FEFF 		bl	Error_Handler
 115              	.L5:
  66:Core/Src/i2c.c ****   }
  67:Core/Src/i2c.c ****   /* USER CODE BEGIN I2C3_Init 2 */
  68:Core/Src/i2c.c **** 
  69:Core/Src/i2c.c ****   /* USER CODE END I2C3_Init 2 */
  70:Core/Src/i2c.c **** 
  71:Core/Src/i2c.c **** }
 116              		.loc 1 71 1
 117 0070 00BF     		nop
 118 0072 80BD     		pop	{r7, pc}
 119              	.L7:
 120              		.align	2
 121              	.L6:
 122 0074 00000000 		.word	hi2c3
 123 0078 005C0040 		.word	1073765376
 124 007c A0860100 		.word	100000
 125              		.cfi_endproc
 126              	.LFE137:
 128              		.section	.text.HAL_I2C_MspInit,"ax",%progbits
 129              		.align	1
 130              		.global	HAL_I2C_MspInit
 131              		.syntax unified
 132              		.thumb
 133              		.thumb_func
 135              	HAL_I2C_MspInit:
 136              	.LFB138:
  72:Core/Src/i2c.c **** 
  73:Core/Src/i2c.c **** void HAL_I2C_MspInit(I2C_HandleTypeDef* i2cHandle)
  74:Core/Src/i2c.c **** {
 137              		.loc 1 74 1
 138              		.cfi_startproc
 139              		@ args = 0, pretend = 0, frame = 40
 140              		@ frame_needed = 1, uses_anonymous_args = 0
 141 0000 80B5     		push	{r7, lr}
 142              	.LCFI2:
 143              		.cfi_def_cfa_offset 8
 144              		.cfi_offset 7, -8
 145              		.cfi_offset 14, -4
 146 0002 8AB0     		sub	sp, sp, #40
 147              	.LCFI3:
 148              		.cfi_def_cfa_offset 48
 149 0004 00AF     		add	r7, sp, #0
 150              	.LCFI4:
 151              		.cfi_def_cfa_register 7
 152 0006 7860     		str	r0, [r7, #4]
  75:Core/Src/i2c.c **** 
  76:Core/Src/i2c.c ****   GPIO_InitTypeDef GPIO_InitStruct = {0};
 153              		.loc 1 76 20
ARM GAS  /var/folders/06/9k7gq4t13mj84z2yhw3grvhc0000gn/T//ccwZfdpA.s 			page 5


 154 0008 07F11403 		add	r3, r7, #20
 155 000c 0022     		movs	r2, #0
 156 000e 1A60     		str	r2, [r3]
 157 0010 5A60     		str	r2, [r3, #4]
 158 0012 9A60     		str	r2, [r3, #8]
 159 0014 DA60     		str	r2, [r3, #12]
 160 0016 1A61     		str	r2, [r3, #16]
  77:Core/Src/i2c.c ****   if(i2cHandle->Instance==I2C3)
 161              		.loc 1 77 15
 162 0018 7B68     		ldr	r3, [r7, #4]
 163 001a 1B68     		ldr	r3, [r3]
 164              		.loc 1 77 5
 165 001c 294A     		ldr	r2, .L11
 166 001e 9342     		cmp	r3, r2
 167 0020 4BD1     		bne	.L10
 168              	.LBB2:
  78:Core/Src/i2c.c ****   {
  79:Core/Src/i2c.c ****   /* USER CODE BEGIN I2C3_MspInit 0 */
  80:Core/Src/i2c.c **** 
  81:Core/Src/i2c.c ****   /* USER CODE END I2C3_MspInit 0 */
  82:Core/Src/i2c.c **** 
  83:Core/Src/i2c.c ****     __HAL_RCC_GPIOC_CLK_ENABLE();
 169              		.loc 1 83 5
 170 0022 0023     		movs	r3, #0
 171 0024 3B61     		str	r3, [r7, #16]
 172 0026 284B     		ldr	r3, .L11+4
 173 0028 1B6B     		ldr	r3, [r3, #48]
 174 002a 274A     		ldr	r2, .L11+4
 175 002c 43F00403 		orr	r3, r3, #4
 176 0030 1363     		str	r3, [r2, #48]
 177 0032 254B     		ldr	r3, .L11+4
 178 0034 1B6B     		ldr	r3, [r3, #48]
 179 0036 03F00403 		and	r3, r3, #4
 180 003a 3B61     		str	r3, [r7, #16]
 181 003c 3B69     		ldr	r3, [r7, #16]
 182              	.LBE2:
 183              	.LBB3:
  84:Core/Src/i2c.c ****     __HAL_RCC_GPIOA_CLK_ENABLE();
 184              		.loc 1 84 5
 185 003e 0023     		movs	r3, #0
 186 0040 FB60     		str	r3, [r7, #12]
 187 0042 214B     		ldr	r3, .L11+4
 188 0044 1B6B     		ldr	r3, [r3, #48]
 189 0046 204A     		ldr	r2, .L11+4
 190 0048 43F00103 		orr	r3, r3, #1
 191 004c 1363     		str	r3, [r2, #48]
 192 004e 1E4B     		ldr	r3, .L11+4
 193 0050 1B6B     		ldr	r3, [r3, #48]
 194 0052 03F00103 		and	r3, r3, #1
 195 0056 FB60     		str	r3, [r7, #12]
 196 0058 FB68     		ldr	r3, [r7, #12]
 197              	.LBE3:
  85:Core/Src/i2c.c ****     /**I2C3 GPIO Configuration
  86:Core/Src/i2c.c ****     PC9     ------> I2C3_SDA
  87:Core/Src/i2c.c ****     PA8     ------> I2C3_SCL
  88:Core/Src/i2c.c ****     */
  89:Core/Src/i2c.c ****     GPIO_InitStruct.Pin = I2C3_SDA_Pin;
ARM GAS  /var/folders/06/9k7gq4t13mj84z2yhw3grvhc0000gn/T//ccwZfdpA.s 			page 6


 198              		.loc 1 89 25
 199 005a 4FF40073 		mov	r3, #512
 200 005e 7B61     		str	r3, [r7, #20]
  90:Core/Src/i2c.c ****     GPIO_InitStruct.Mode = GPIO_MODE_AF_OD;
 201              		.loc 1 90 26
 202 0060 1223     		movs	r3, #18
 203 0062 BB61     		str	r3, [r7, #24]
  91:Core/Src/i2c.c ****     GPIO_InitStruct.Pull = GPIO_NOPULL;
 204              		.loc 1 91 26
 205 0064 0023     		movs	r3, #0
 206 0066 FB61     		str	r3, [r7, #28]
  92:Core/Src/i2c.c ****     GPIO_InitStruct.Speed = GPIO_SPEED_FREQ_LOW;
 207              		.loc 1 92 27
 208 0068 0023     		movs	r3, #0
 209 006a 3B62     		str	r3, [r7, #32]
  93:Core/Src/i2c.c ****     GPIO_InitStruct.Alternate = GPIO_AF4_I2C3;
 210              		.loc 1 93 31
 211 006c 0423     		movs	r3, #4
 212 006e 7B62     		str	r3, [r7, #36]
  94:Core/Src/i2c.c ****     HAL_GPIO_Init(I2C3_SDA_GPIO_Port, &GPIO_InitStruct);
 213              		.loc 1 94 5
 214 0070 07F11403 		add	r3, r7, #20
 215 0074 1946     		mov	r1, r3
 216 0076 1548     		ldr	r0, .L11+8
 217 0078 FFF7FEFF 		bl	HAL_GPIO_Init
  95:Core/Src/i2c.c **** 
  96:Core/Src/i2c.c ****     GPIO_InitStruct.Pin = I2C3_SCL_Pin;
 218              		.loc 1 96 25
 219 007c 4FF48073 		mov	r3, #256
 220 0080 7B61     		str	r3, [r7, #20]
  97:Core/Src/i2c.c ****     GPIO_InitStruct.Mode = GPIO_MODE_AF_OD;
 221              		.loc 1 97 26
 222 0082 1223     		movs	r3, #18
 223 0084 BB61     		str	r3, [r7, #24]
  98:Core/Src/i2c.c ****     GPIO_InitStruct.Pull = GPIO_NOPULL;
 224              		.loc 1 98 26
 225 0086 0023     		movs	r3, #0
 226 0088 FB61     		str	r3, [r7, #28]
  99:Core/Src/i2c.c ****     GPIO_InitStruct.Speed = GPIO_SPEED_FREQ_LOW;
 227              		.loc 1 99 27
 228 008a 0023     		movs	r3, #0
 229 008c 3B62     		str	r3, [r7, #32]
 100:Core/Src/i2c.c ****     GPIO_InitStruct.Alternate = GPIO_AF4_I2C3;
 230              		.loc 1 100 31
 231 008e 0423     		movs	r3, #4
 232 0090 7B62     		str	r3, [r7, #36]
 101:Core/Src/i2c.c ****     HAL_GPIO_Init(I2C3_SCL_GPIO_Port, &GPIO_InitStruct);
 233              		.loc 1 101 5
 234 0092 07F11403 		add	r3, r7, #20
 235 0096 1946     		mov	r1, r3
 236 0098 0D48     		ldr	r0, .L11+12
 237 009a FFF7FEFF 		bl	HAL_GPIO_Init
 238              	.LBB4:
 102:Core/Src/i2c.c **** 
 103:Core/Src/i2c.c ****     /* I2C3 clock enable */
 104:Core/Src/i2c.c ****     __HAL_RCC_I2C3_CLK_ENABLE();
 239              		.loc 1 104 5
ARM GAS  /var/folders/06/9k7gq4t13mj84z2yhw3grvhc0000gn/T//ccwZfdpA.s 			page 7


 240 009e 0023     		movs	r3, #0
 241 00a0 BB60     		str	r3, [r7, #8]
 242 00a2 094B     		ldr	r3, .L11+4
 243 00a4 1B6C     		ldr	r3, [r3, #64]
 244 00a6 084A     		ldr	r2, .L11+4
 245 00a8 43F40003 		orr	r3, r3, #8388608
 246 00ac 1364     		str	r3, [r2, #64]
 247 00ae 064B     		ldr	r3, .L11+4
 248 00b0 1B6C     		ldr	r3, [r3, #64]
 249 00b2 03F40003 		and	r3, r3, #8388608
 250 00b6 BB60     		str	r3, [r7, #8]
 251 00b8 BB68     		ldr	r3, [r7, #8]
 252              	.L10:
 253              	.LBE4:
 105:Core/Src/i2c.c ****   /* USER CODE BEGIN I2C3_MspInit 1 */
 106:Core/Src/i2c.c **** 
 107:Core/Src/i2c.c ****   /* USER CODE END I2C3_MspInit 1 */
 108:Core/Src/i2c.c ****   }
 109:Core/Src/i2c.c **** }
 254              		.loc 1 109 1
 255 00ba 00BF     		nop
 256 00bc 2837     		adds	r7, r7, #40
 257              	.LCFI5:
 258              		.cfi_def_cfa_offset 8
 259 00be BD46     		mov	sp, r7
 260              	.LCFI6:
 261              		.cfi_def_cfa_register 13
 262              		@ sp needed
 263 00c0 80BD     		pop	{r7, pc}
 264              	.L12:
 265 00c2 00BF     		.align	2
 266              	.L11:
 267 00c4 005C0040 		.word	1073765376
 268 00c8 00380240 		.word	1073887232
 269 00cc 00080240 		.word	1073874944
 270 00d0 00000240 		.word	1073872896
 271              		.cfi_endproc
 272              	.LFE138:
 274              		.section	.text.HAL_I2C_MspDeInit,"ax",%progbits
 275              		.align	1
 276              		.global	HAL_I2C_MspDeInit
 277              		.syntax unified
 278              		.thumb
 279              		.thumb_func
 281              	HAL_I2C_MspDeInit:
 282              	.LFB139:
 110:Core/Src/i2c.c **** 
 111:Core/Src/i2c.c **** void HAL_I2C_MspDeInit(I2C_HandleTypeDef* i2cHandle)
 112:Core/Src/i2c.c **** {
 283              		.loc 1 112 1
 284              		.cfi_startproc
 285              		@ args = 0, pretend = 0, frame = 8
 286              		@ frame_needed = 1, uses_anonymous_args = 0
 287 0000 80B5     		push	{r7, lr}
 288              	.LCFI7:
 289              		.cfi_def_cfa_offset 8
 290              		.cfi_offset 7, -8
ARM GAS  /var/folders/06/9k7gq4t13mj84z2yhw3grvhc0000gn/T//ccwZfdpA.s 			page 8


 291              		.cfi_offset 14, -4
 292 0002 82B0     		sub	sp, sp, #8
 293              	.LCFI8:
 294              		.cfi_def_cfa_offset 16
 295 0004 00AF     		add	r7, sp, #0
 296              	.LCFI9:
 297              		.cfi_def_cfa_register 7
 298 0006 7860     		str	r0, [r7, #4]
 113:Core/Src/i2c.c **** 
 114:Core/Src/i2c.c ****   if(i2cHandle->Instance==I2C3)
 299              		.loc 1 114 15
 300 0008 7B68     		ldr	r3, [r7, #4]
 301 000a 1B68     		ldr	r3, [r3]
 302              		.loc 1 114 5
 303 000c 0B4A     		ldr	r2, .L16
 304 000e 9342     		cmp	r3, r2
 305 0010 0FD1     		bne	.L15
 115:Core/Src/i2c.c ****   {
 116:Core/Src/i2c.c ****   /* USER CODE BEGIN I2C3_MspDeInit 0 */
 117:Core/Src/i2c.c **** 
 118:Core/Src/i2c.c ****   /* USER CODE END I2C3_MspDeInit 0 */
 119:Core/Src/i2c.c ****     /* Peripheral clock disable */
 120:Core/Src/i2c.c ****     __HAL_RCC_I2C3_CLK_DISABLE();
 306              		.loc 1 120 5
 307 0012 0B4B     		ldr	r3, .L16+4
 308 0014 1B6C     		ldr	r3, [r3, #64]
 309 0016 0A4A     		ldr	r2, .L16+4
 310 0018 23F40003 		bic	r3, r3, #8388608
 311 001c 1364     		str	r3, [r2, #64]
 121:Core/Src/i2c.c **** 
 122:Core/Src/i2c.c ****     /**I2C3 GPIO Configuration
 123:Core/Src/i2c.c ****     PC9     ------> I2C3_SDA
 124:Core/Src/i2c.c ****     PA8     ------> I2C3_SCL
 125:Core/Src/i2c.c ****     */
 126:Core/Src/i2c.c ****     HAL_GPIO_DeInit(I2C3_SDA_GPIO_Port, I2C3_SDA_Pin);
 312              		.loc 1 126 5
 313 001e 4FF40071 		mov	r1, #512
 314 0022 0848     		ldr	r0, .L16+8
 315 0024 FFF7FEFF 		bl	HAL_GPIO_DeInit
 127:Core/Src/i2c.c **** 
 128:Core/Src/i2c.c ****     HAL_GPIO_DeInit(I2C3_SCL_GPIO_Port, I2C3_SCL_Pin);
 316              		.loc 1 128 5
 317 0028 4FF48071 		mov	r1, #256
 318 002c 0648     		ldr	r0, .L16+12
 319 002e FFF7FEFF 		bl	HAL_GPIO_DeInit
 320              	.L15:
 129:Core/Src/i2c.c **** 
 130:Core/Src/i2c.c ****   /* USER CODE BEGIN I2C3_MspDeInit 1 */
 131:Core/Src/i2c.c **** 
 132:Core/Src/i2c.c ****   /* USER CODE END I2C3_MspDeInit 1 */
 133:Core/Src/i2c.c ****   }
 134:Core/Src/i2c.c **** }
 321              		.loc 1 134 1
 322 0032 00BF     		nop
 323 0034 0837     		adds	r7, r7, #8
 324              	.LCFI10:
 325              		.cfi_def_cfa_offset 8
ARM GAS  /var/folders/06/9k7gq4t13mj84z2yhw3grvhc0000gn/T//ccwZfdpA.s 			page 9


 326 0036 BD46     		mov	sp, r7
 327              	.LCFI11:
 328              		.cfi_def_cfa_register 13
 329              		@ sp needed
 330 0038 80BD     		pop	{r7, pc}
 331              	.L17:
 332 003a 00BF     		.align	2
 333              	.L16:
 334 003c 005C0040 		.word	1073765376
 335 0040 00380240 		.word	1073887232
 336 0044 00080240 		.word	1073874944
 337 0048 00000240 		.word	1073872896
 338              		.cfi_endproc
 339              	.LFE139:
 341              		.text
 342              	.Letext0:
 343              		.file 2 "/Applications/ArmGNUToolchain/13.2.Rel1/arm-none-eabi/arm-none-eabi/include/machine/_defa
 344              		.file 3 "/Applications/ArmGNUToolchain/13.2.Rel1/arm-none-eabi/arm-none-eabi/include/sys/_stdint.h
 345              		.file 4 "Drivers/CMSIS/Device/ST/STM32F4xx/Include/stm32f429xx.h"
 346              		.file 5 "Drivers/STM32F4xx_HAL_Driver/Inc/stm32f4xx_hal_def.h"
 347              		.file 6 "Drivers/STM32F4xx_HAL_Driver/Inc/stm32f4xx_hal_gpio.h"
 348              		.file 7 "Drivers/STM32F4xx_HAL_Driver/Inc/stm32f4xx_hal_dma.h"
 349              		.file 8 "Drivers/STM32F4xx_HAL_Driver/Inc/stm32f4xx_hal_i2c.h"
 350              		.file 9 "Drivers/STM32F4xx_HAL_Driver/Inc/stm32f4xx_hal_i2c_ex.h"
 351              		.file 10 "Core/Inc/i2c.h"
 352              		.file 11 "Core/Inc/main.h"
ARM GAS  /var/folders/06/9k7gq4t13mj84z2yhw3grvhc0000gn/T//ccwZfdpA.s 			page 10


DEFINED SYMBOLS
                            *ABS*:00000000 i2c.c
/var/folders/06/9k7gq4t13mj84z2yhw3grvhc0000gn/T//ccwZfdpA.s:25     .bss.hi2c3:00000000 hi2c3
/var/folders/06/9k7gq4t13mj84z2yhw3grvhc0000gn/T//ccwZfdpA.s:22     .bss.hi2c3:00000000 $d
/var/folders/06/9k7gq4t13mj84z2yhw3grvhc0000gn/T//ccwZfdpA.s:28     .text.MX_I2C3_Init:00000000 $t
/var/folders/06/9k7gq4t13mj84z2yhw3grvhc0000gn/T//ccwZfdpA.s:34     .text.MX_I2C3_Init:00000000 MX_I2C3_Init
/var/folders/06/9k7gq4t13mj84z2yhw3grvhc0000gn/T//ccwZfdpA.s:122    .text.MX_I2C3_Init:00000074 $d
/var/folders/06/9k7gq4t13mj84z2yhw3grvhc0000gn/T//ccwZfdpA.s:129    .text.HAL_I2C_MspInit:00000000 $t
/var/folders/06/9k7gq4t13mj84z2yhw3grvhc0000gn/T//ccwZfdpA.s:135    .text.HAL_I2C_MspInit:00000000 HAL_I2C_MspInit
/var/folders/06/9k7gq4t13mj84z2yhw3grvhc0000gn/T//ccwZfdpA.s:267    .text.HAL_I2C_MspInit:000000c4 $d
/var/folders/06/9k7gq4t13mj84z2yhw3grvhc0000gn/T//ccwZfdpA.s:275    .text.HAL_I2C_MspDeInit:00000000 $t
/var/folders/06/9k7gq4t13mj84z2yhw3grvhc0000gn/T//ccwZfdpA.s:281    .text.HAL_I2C_MspDeInit:00000000 HAL_I2C_MspDeInit
/var/folders/06/9k7gq4t13mj84z2yhw3grvhc0000gn/T//ccwZfdpA.s:334    .text.HAL_I2C_MspDeInit:0000003c $d

UNDEFINED SYMBOLS
HAL_I2C_Init
Error_Handler
HAL_I2CEx_ConfigAnalogFilter
HAL_I2CEx_ConfigDigitalFilter
HAL_GPIO_Init
HAL_GPIO_DeInit
