ARM GAS  startup_stm32f429xx.s 			page 1


   1              	/**
   2              	  ******************************************************************************
   3              	  * @file      startup_stm32f429xx.s
   4              	  * @author    MCD Application Team
   5              	  * @brief     STM32F429xx Devices vector table for GCC based toolchains. 
   6              	  *            This module performs:
   7              	  *                - Set the initial SP
   8              	  *                - Set the initial PC == Reset_Handler,
   9              	  *                - Set the vector table entries with the exceptions ISR address
  10              	  *                - Branches to main in the C library (which eventually
  11              	  *                  calls main()).
  12              	  *            After Reset the Cortex-M4 processor is in Thread mode,
  13              	  *            priority is Privileged, and the Stack is set to Main.
  14              	  ******************************************************************************
  15              	  * @attention
  16              	  *
  17              	  * Copyright (c) 2017 STMicroelectronics.
  18              	  * All rights reserved.
  19              	  *
  20              	  * This software is licensed under terms that can be found in the LICENSE file
  21              	  * in the root directory of this software component.
  22              	  * If no LICENSE file comes with this software, it is provided AS-IS.
  23              	  *
  24              	  ******************************************************************************
  25              	  */
  26              	    
  27              	  .syntax unified
  28              	  .cpu cortex-m4
  29              	  .fpu softvfp
  30              	  .thumb
  31              	
  32              	.global  g_pfnVectors
  33              	.global  Default_Handler
  34              	
  35              	/* start address for the initialization values of the .data section. 
  36              	defined in linker script */
  37 0000 00000000 	.word  _sidata
  38              	/* start address for the .data section. defined in linker script */  
  39 0004 00000000 	.word  _sdata
  40              	/* end address for the .data section. defined in linker script */
  41 0008 00000000 	.word  _edata
  42              	/* start address for the .bss section. defined in linker script */
  43 000c 00000000 	.word  _sbss
  44              	/* end address for the .bss section. defined in linker script */
  45 0010 00000000 	.word  _ebss
  46              	/* stack used for SystemInit_ExtMemCtl; always internal RAM used */
  47              	
  48              	/**
  49              	 * @brief  This is the code that gets called when the processor first
  50              	 *          starts execution following a reset event. Only the absolutely
  51              	 *          necessary set is performed, after which the application
  52              	 *          supplied main() routine is called. 
  53              	 * @param  None
  54              	 * @retval : None
  55              	*/
  56              	
  57              	    .section  .text.Reset_Handler
ARM GAS  startup_stm32f429xx.s 			page 2


  58              	  .weak  Reset_Handler
  60              	Reset_Handler: 
  61 0000 DFF834D0 	  ldr   sp, =_estack       /* set stack pointer */
  62              	
  63              	/* Call the clock system initialization function.*/
  64 0004 FFF7FEFF 	  bl  SystemInit   
  65              	 
  66              	/* Copy the data segment initializers from flash to SRAM */  
  67 0008 0C48     	  ldr r0, =_sdata
  68 000a 0D49     	  ldr r1, =_edata
  69 000c 0D4A     	  ldr r2, =_sidata
  70 000e 0023     	  movs r3, #0
  71 0010 02E0     	  b LoopCopyDataInit
  72              	
  73              	CopyDataInit:
  74 0012 D458     	  ldr r4, [r2, r3]
  75 0014 C450     	  str r4, [r0, r3]
  76 0016 0433     	  adds r3, r3, #4
  77              	
  78              	LoopCopyDataInit:
  79 0018 C418     	  adds r4, r0, r3
  80 001a 8C42     	  cmp r4, r1
  81 001c F9D3     	  bcc CopyDataInit
  82              	  
  83              	/* Zero fill the bss segment. */
  84 001e 0A4A     	  ldr r2, =_sbss
  85 0020 0A4C     	  ldr r4, =_ebss
  86 0022 0023     	  movs r3, #0
  87 0024 01E0     	  b LoopFillZerobss
  88              	
  89              	FillZerobss:
  90 0026 1360     	  str  r3, [r2]
  91 0028 0432     	  adds r2, r2, #4
  92              	
  93              	LoopFillZerobss:
  94 002a A242     	  cmp r2, r4
  95 002c FBD3     	  bcc FillZerobss
  96              	  
  97              	/* Call static constructors */
  98 002e FFF7FEFF 	    bl __libc_init_array
  99              	/* Call the application's entry point.*/
 100 0032 FFF7FEFF 	  bl  main
 101 0036 7047     	  bx  lr    
 103              	
 104              	/**
 105              	 * @brief  This is the code that gets called when the processor receives an 
 106              	 *         unexpected interrupt.  This simply enters an infinite loop, preserving
 107              	 *         the system state for examination by a debugger.
 108              	 * @param  None     
 109              	 * @retval None       
 110              	*/
 111              	    .section  .text.Default_Handler,"ax",%progbits
 112              	Default_Handler:
 113              	Infinite_Loop:
 114 0000 FEE7     	  b  Infinite_Loop
 116              	/******************************************************************************
 117              	*
ARM GAS  startup_stm32f429xx.s 			page 3


 118              	* The minimal vector table for a Cortex M3. Note that the proper constructs
 119              	* must be placed on this to ensure that it ends up at physical address
 120              	* 0x0000.0000.
 121              	* 
 122              	*******************************************************************************/
 123              	   .section  .isr_vector,"a",%progbits
 125              	   
 126              	g_pfnVectors:
 127 0000 00000000 	  .word  _estack
 128 0004 00000000 	  .word  Reset_Handler
 129              	
 130 0008 00000000 	  .word  NMI_Handler
 131 000c 00000000 	  .word  HardFault_Handler
 132 0010 00000000 	  .word  MemManage_Handler
 133 0014 00000000 	  .word  BusFault_Handler
 134 0018 00000000 	  .word  UsageFault_Handler
 135 001c 00000000 	  .word  0
 136 0020 00000000 	  .word  0
 137 0024 00000000 	  .word  0
 138 0028 00000000 	  .word  0
 139 002c 00000000 	  .word  SVC_Handler
 140 0030 00000000 	  .word  DebugMon_Handler
 141 0034 00000000 	  .word  0
 142 0038 00000000 	  .word  PendSV_Handler
 143 003c 00000000 	  .word  SysTick_Handler
 144              	  
 145              	  /* External Interrupts */
 146 0040 00000000 	  .word     WWDG_IRQHandler                   /* Window WatchDog              */                   
 147 0044 00000000 	  .word     PVD_IRQHandler                    /* PVD through EXTI Line detection */                
 148 0048 00000000 	  .word     TAMP_STAMP_IRQHandler             /* Tamper and TimeStamps through the EXTI line */    
 149 004c 00000000 	  .word     RTC_WKUP_IRQHandler               /* RTC Wakeup through the EXTI line */               
 150 0050 00000000 	  .word     FLASH_IRQHandler                  /* FLASH                        */                   
 151 0054 00000000 	  .word     RCC_IRQHandler                    /* RCC                          */                   
 152 0058 00000000 	  .word     EXTI0_IRQHandler                  /* EXTI Line0                   */                   
 153 005c 00000000 	  .word     EXTI1_IRQHandler                  /* EXTI Line1                   */                   
 154 0060 00000000 	  .word     EXTI2_IRQHandler                  /* EXTI Line2                   */                   
 155 0064 00000000 	  .word     EXTI3_IRQHandler                  /* EXTI Line3                   */                   
 156 0068 00000000 	  .word     EXTI4_IRQHandler                  /* EXTI Line4                   */                   
 157 006c 00000000 	  .word     DMA1_Stream0_IRQHandler           /* DMA1 Stream 0                */                  
 158 0070 00000000 	  .word     DMA1_Stream1_IRQHandler           /* DMA1 Stream 1                */                   
 159 0074 00000000 	  .word     DMA1_Stream2_IRQHandler           /* DMA1 Stream 2                */                   
 160 0078 00000000 	  .word     DMA1_Stream3_IRQHandler           /* DMA1 Stream 3                */                   
 161 007c 00000000 	  .word     DMA1_Stream4_IRQHandler           /* DMA1 Stream 4                */                   
 162 0080 00000000 	  .word     DMA1_Stream5_IRQHandler           /* DMA1 Stream 5                */                   
 163 0084 00000000 	  .word     DMA1_Stream6_IRQHandler           /* DMA1 Stream 6                */                   
 164 0088 00000000 	  .word     ADC_IRQHandler                    /* ADC1, ADC2 and ADC3s         */                   
 165 008c 00000000 	  .word     CAN1_TX_IRQHandler                /* CAN1 TX                      */                   
 166 0090 00000000 	  .word     CAN1_RX0_IRQHandler               /* CAN1 RX0                     */                   
 167 0094 00000000 	  .word     CAN1_RX1_IRQHandler               /* CAN1 RX1                     */                   
 168 0098 00000000 	  .word     CAN1_SCE_IRQHandler               /* CAN1 SCE                     */                   
 169 009c 00000000 	  .word     EXTI9_5_IRQHandler                /* External Line[9:5]s          */                   
 170 00a0 00000000 	  .word     TIM1_BRK_TIM9_IRQHandler          /* TIM1 Break and TIM9          */         
 171 00a4 00000000 	  .word     TIM1_UP_TIM10_IRQHandler          /* TIM1 Update and TIM10        */         
 172 00a8 00000000 	  .word     TIM1_TRG_COM_TIM11_IRQHandler     /* TIM1 Trigger and Commutation and TIM11 */
 173 00ac 00000000 	  .word     TIM1_CC_IRQHandler                /* TIM1 Capture Compare         */                   
 174 00b0 00000000 	  .word     TIM2_IRQHandler                   /* TIM2                         */                   
 175 00b4 00000000 	  .word     TIM3_IRQHandler                   /* TIM3                         */                   
ARM GAS  startup_stm32f429xx.s 			page 4


 176 00b8 00000000 	  .word     TIM4_IRQHandler                   /* TIM4                         */                   
 177 00bc 00000000 	  .word     I2C1_EV_IRQHandler                /* I2C1 Event                   */                   
 178 00c0 00000000 	  .word     I2C1_ER_IRQHandler                /* I2C1 Error                   */                   
 179 00c4 00000000 	  .word     I2C2_EV_IRQHandler                /* I2C2 Event                   */                   
 180 00c8 00000000 	  .word     I2C2_ER_IRQHandler                /* I2C2 Error                   */                   
 181 00cc 00000000 	  .word     SPI1_IRQHandler                   /* SPI1                         */                   
 182 00d0 00000000 	  .word     SPI2_IRQHandler                   /* SPI2                         */                   
 183 00d4 00000000 	  .word     USART1_IRQHandler                 /* USART1                       */                   
 184 00d8 00000000 	  .word     USART2_IRQHandler                 /* USART2                       */                   
 185 00dc 00000000 	  .word     USART3_IRQHandler                 /* USART3                       */                   
 186 00e0 00000000 	  .word     EXTI15_10_IRQHandler              /* External Line[15:10]s        */                   
 187 00e4 00000000 	  .word     RTC_Alarm_IRQHandler              /* RTC Alarm (A and B) through EXTI Line */          
 188 00e8 00000000 	  .word     OTG_FS_WKUP_IRQHandler            /* USB OTG FS Wakeup through EXTI line */            
 189 00ec 00000000 	  .word     TIM8_BRK_TIM12_IRQHandler         /* TIM8 Break and TIM12         */         
 190 00f0 00000000 	  .word     TIM8_UP_TIM13_IRQHandler          /* TIM8 Update and TIM13        */         
 191 00f4 00000000 	  .word     TIM8_TRG_COM_TIM14_IRQHandler     /* TIM8 Trigger and Commutation and TIM14 */
 192 00f8 00000000 	  .word     TIM8_CC_IRQHandler                /* TIM8 Capture Compare         */                   
 193 00fc 00000000 	  .word     DMA1_Stream7_IRQHandler           /* DMA1 Stream7                 */                   
 194 0100 00000000 	  .word     FMC_IRQHandler                    /* FMC                         */                   
 195 0104 00000000 	  .word     SDIO_IRQHandler                   /* SDIO                         */                   
 196 0108 00000000 	  .word     TIM5_IRQHandler                   /* TIM5                         */                   
 197 010c 00000000 	  .word     SPI3_IRQHandler                   /* SPI3                         */                   
 198 0110 00000000 	  .word     UART4_IRQHandler                  /* UART4                        */                   
 199 0114 00000000 	  .word     UART5_IRQHandler                  /* UART5                        */                   
 200 0118 00000000 	  .word     TIM6_DAC_IRQHandler               /* TIM6 and DAC1&2 underrun errors */                
 201 011c 00000000 	  .word     TIM7_IRQHandler                   /* TIM7                         */
 202 0120 00000000 	  .word     DMA2_Stream0_IRQHandler           /* DMA2 Stream 0                */                   
 203 0124 00000000 	  .word     DMA2_Stream1_IRQHandler           /* DMA2 Stream 1                */                   
 204 0128 00000000 	  .word     DMA2_Stream2_IRQHandler           /* DMA2 Stream 2                */                   
 205 012c 00000000 	  .word     DMA2_Stream3_IRQHandler           /* DMA2 Stream 3                */                   
 206 0130 00000000 	  .word     DMA2_Stream4_IRQHandler           /* DMA2 Stream 4                */                   
 207 0134 00000000 	  .word     ETH_IRQHandler                    /* Ethernet                     */                   
 208 0138 00000000 	  .word     ETH_WKUP_IRQHandler               /* Ethernet Wakeup through EXTI line */              
 209 013c 00000000 	  .word     CAN2_TX_IRQHandler                /* CAN2 TX                      */                   
 210 0140 00000000 	  .word     CAN2_RX0_IRQHandler               /* CAN2 RX0                     */                   
 211 0144 00000000 	  .word     CAN2_RX1_IRQHandler               /* CAN2 RX1                     */                   
 212 0148 00000000 	  .word     CAN2_SCE_IRQHandler               /* CAN2 SCE                     */                   
 213 014c 00000000 	  .word     OTG_FS_IRQHandler                 /* USB OTG FS                   */                   
 214 0150 00000000 	  .word     DMA2_Stream5_IRQHandler           /* DMA2 Stream 5                */                   
 215 0154 00000000 	  .word     DMA2_Stream6_IRQHandler           /* DMA2 Stream 6                */                   
 216 0158 00000000 	  .word     DMA2_Stream7_IRQHandler           /* DMA2 Stream 7                */                   
 217 015c 00000000 	  .word     USART6_IRQHandler                 /* USART6                       */                   
 218 0160 00000000 	  .word     I2C3_EV_IRQHandler                /* I2C3 event                   */                   
 219 0164 00000000 	  .word     I2C3_ER_IRQHandler                /* I2C3 error                   */                   
 220 0168 00000000 	  .word     OTG_HS_EP1_OUT_IRQHandler         /* USB OTG HS End Point 1 Out   */                   
 221 016c 00000000 	  .word     OTG_HS_EP1_IN_IRQHandler          /* USB OTG HS End Point 1 In    */                   
 222 0170 00000000 	  .word     OTG_HS_WKUP_IRQHandler            /* USB OTG HS Wakeup through EXTI */                 
 223 0174 00000000 	  .word     OTG_HS_IRQHandler                 /* USB OTG HS                   */                   
 224 0178 00000000 	  .word     DCMI_IRQHandler                   /* DCMI                         */                   
 225 017c 00000000 	  .word     0                                 /* Reserved                     */                   
 226 0180 00000000 	  .word     HASH_RNG_IRQHandler               /* Hash and Rng                 */
 227 0184 00000000 	  .word     FPU_IRQHandler                    /* FPU                          */
 228 0188 00000000 	  .word     UART7_IRQHandler                  /* UART7                        */      
 229 018c 00000000 	  .word     UART8_IRQHandler                  /* UART8                        */
 230 0190 00000000 	  .word     SPI4_IRQHandler                   /* SPI4                         */
 231 0194 00000000 	  .word     SPI5_IRQHandler                   /* SPI5 						  */
 232 0198 00000000 	  .word     SPI6_IRQHandler                   /* SPI6						  */
ARM GAS  startup_stm32f429xx.s 			page 5


 233 019c 00000000 	  .word     SAI1_IRQHandler                   /* SAI1						  */
 234 01a0 00000000 	  .word     LTDC_IRQHandler                   /* LTDC_IRQHandler			  */
 235 01a4 00000000 	  .word     LTDC_ER_IRQHandler                /* LTDC_ER_IRQHandler			  */
 236 01a8 00000000 	  .word     DMA2D_IRQHandler                  /* DMA2D                        */
 237              	  
 238              	
 240              	
 241              	/*******************************************************************************
 242              	*
 243              	* Provide weak aliases for each Exception handler to the Default_Handler. 
 244              	* As they are weak aliases, any function with the same name will override 
 245              	* this definition.
 246              	* 
 247              	*******************************************************************************/
 248              	   .weak      NMI_Handler
 249              	   .thumb_set NMI_Handler,Default_Handler
 250              	  
 251              	   .weak      HardFault_Handler
 252              	   .thumb_set HardFault_Handler,Default_Handler
 253              	  
 254              	   .weak      MemManage_Handler
 255              	   .thumb_set MemManage_Handler,Default_Handler
 256              	  
 257              	   .weak      BusFault_Handler
 258              	   .thumb_set BusFault_Handler,Default_Handler
 259              	
 260              	   .weak      UsageFault_Handler
 261              	   .thumb_set UsageFault_Handler,Default_Handler
 262              	
 263              	   .weak      SVC_Handler
 264              	   .thumb_set SVC_Handler,Default_Handler
 265              	
 266              	   .weak      DebugMon_Handler
 267              	   .thumb_set DebugMon_Handler,Default_Handler
 268              	
 269              	   .weak      PendSV_Handler
 270              	   .thumb_set PendSV_Handler,Default_Handler
 271              	
 272              	   .weak      SysTick_Handler
 273              	   .thumb_set SysTick_Handler,Default_Handler              
 274              	  
 275              	   .weak      WWDG_IRQHandler                   
 276              	   .thumb_set WWDG_IRQHandler,Default_Handler      
 277              	                  
 278              	   .weak      PVD_IRQHandler      
 279              	   .thumb_set PVD_IRQHandler,Default_Handler
 280              	               
 281              	   .weak      TAMP_STAMP_IRQHandler            
 282              	   .thumb_set TAMP_STAMP_IRQHandler,Default_Handler
 283              	            
 284              	   .weak      RTC_WKUP_IRQHandler                  
 285              	   .thumb_set RTC_WKUP_IRQHandler,Default_Handler
 286              	            
 287              	   .weak      FLASH_IRQHandler         
 288              	   .thumb_set FLASH_IRQHandler,Default_Handler
 289              	                  
 290              	   .weak      RCC_IRQHandler      
ARM GAS  startup_stm32f429xx.s 			page 6


 291              	   .thumb_set RCC_IRQHandler,Default_Handler
 292              	                  
 293              	   .weak      EXTI0_IRQHandler         
 294              	   .thumb_set EXTI0_IRQHandler,Default_Handler
 295              	                  
 296              	   .weak      EXTI1_IRQHandler         
 297              	   .thumb_set EXTI1_IRQHandler,Default_Handler
 298              	                     
 299              	   .weak      EXTI2_IRQHandler         
 300              	   .thumb_set EXTI2_IRQHandler,Default_Handler 
 301              	                 
 302              	   .weak      EXTI3_IRQHandler         
 303              	   .thumb_set EXTI3_IRQHandler,Default_Handler
 304              	                        
 305              	   .weak      EXTI4_IRQHandler         
 306              	   .thumb_set EXTI4_IRQHandler,Default_Handler
 307              	                  
 308              	   .weak      DMA1_Stream0_IRQHandler               
 309              	   .thumb_set DMA1_Stream0_IRQHandler,Default_Handler
 310              	         
 311              	   .weak      DMA1_Stream1_IRQHandler               
 312              	   .thumb_set DMA1_Stream1_IRQHandler,Default_Handler
 313              	                  
 314              	   .weak      DMA1_Stream2_IRQHandler               
 315              	   .thumb_set DMA1_Stream2_IRQHandler,Default_Handler
 316              	                  
 317              	   .weak      DMA1_Stream3_IRQHandler               
 318              	   .thumb_set DMA1_Stream3_IRQHandler,Default_Handler 
 319              	                 
 320              	   .weak      DMA1_Stream4_IRQHandler              
 321              	   .thumb_set DMA1_Stream4_IRQHandler,Default_Handler
 322              	                  
 323              	   .weak      DMA1_Stream5_IRQHandler               
 324              	   .thumb_set DMA1_Stream5_IRQHandler,Default_Handler
 325              	                  
 326              	   .weak      DMA1_Stream6_IRQHandler               
 327              	   .thumb_set DMA1_Stream6_IRQHandler,Default_Handler
 328              	                  
 329              	   .weak      ADC_IRQHandler      
 330              	   .thumb_set ADC_IRQHandler,Default_Handler
 331              	               
 332              	   .weak      CAN1_TX_IRQHandler   
 333              	   .thumb_set CAN1_TX_IRQHandler,Default_Handler
 334              	            
 335              	   .weak      CAN1_RX0_IRQHandler                  
 336              	   .thumb_set CAN1_RX0_IRQHandler,Default_Handler
 337              	                           
 338              	   .weak      CAN1_RX1_IRQHandler                  
 339              	   .thumb_set CAN1_RX1_IRQHandler,Default_Handler
 340              	            
 341              	   .weak      CAN1_SCE_IRQHandler                  
 342              	   .thumb_set CAN1_SCE_IRQHandler,Default_Handler
 343              	            
 344              	   .weak      EXTI9_5_IRQHandler   
 345              	   .thumb_set EXTI9_5_IRQHandler,Default_Handler
 346              	            
 347              	   .weak      TIM1_BRK_TIM9_IRQHandler            
ARM GAS  startup_stm32f429xx.s 			page 7


 348              	   .thumb_set TIM1_BRK_TIM9_IRQHandler,Default_Handler
 349              	            
 350              	   .weak      TIM1_UP_TIM10_IRQHandler            
 351              	   .thumb_set TIM1_UP_TIM10_IRQHandler,Default_Handler
 352              	
 353              	   .weak      TIM1_TRG_COM_TIM11_IRQHandler      
 354              	   .thumb_set TIM1_TRG_COM_TIM11_IRQHandler,Default_Handler
 355              	      
 356              	   .weak      TIM1_CC_IRQHandler   
 357              	   .thumb_set TIM1_CC_IRQHandler,Default_Handler
 358              	                  
 359              	   .weak      TIM2_IRQHandler            
 360              	   .thumb_set TIM2_IRQHandler,Default_Handler
 361              	                  
 362              	   .weak      TIM3_IRQHandler            
 363              	   .thumb_set TIM3_IRQHandler,Default_Handler
 364              	                  
 365              	   .weak      TIM4_IRQHandler            
 366              	   .thumb_set TIM4_IRQHandler,Default_Handler
 367              	                  
 368              	   .weak      I2C1_EV_IRQHandler   
 369              	   .thumb_set I2C1_EV_IRQHandler,Default_Handler
 370              	                     
 371              	   .weak      I2C1_ER_IRQHandler   
 372              	   .thumb_set I2C1_ER_IRQHandler,Default_Handler
 373              	                     
 374              	   .weak      I2C2_EV_IRQHandler   
 375              	   .thumb_set I2C2_EV_IRQHandler,Default_Handler
 376              	                  
 377              	   .weak      I2C2_ER_IRQHandler   
 378              	   .thumb_set I2C2_ER_IRQHandler,Default_Handler
 379              	                           
 380              	   .weak      SPI1_IRQHandler            
 381              	   .thumb_set SPI1_IRQHandler,Default_Handler
 382              	                        
 383              	   .weak      SPI2_IRQHandler            
 384              	   .thumb_set SPI2_IRQHandler,Default_Handler
 385              	                  
 386              	   .weak      USART1_IRQHandler      
 387              	   .thumb_set USART1_IRQHandler,Default_Handler
 388              	                     
 389              	   .weak      USART2_IRQHandler      
 390              	   .thumb_set USART2_IRQHandler,Default_Handler
 391              	                     
 392              	   .weak      USART3_IRQHandler      
 393              	   .thumb_set USART3_IRQHandler,Default_Handler
 394              	                  
 395              	   .weak      EXTI15_10_IRQHandler               
 396              	   .thumb_set EXTI15_10_IRQHandler,Default_Handler
 397              	               
 398              	   .weak      RTC_Alarm_IRQHandler               
 399              	   .thumb_set RTC_Alarm_IRQHandler,Default_Handler
 400              	            
 401              	   .weak      OTG_FS_WKUP_IRQHandler         
 402              	   .thumb_set OTG_FS_WKUP_IRQHandler,Default_Handler
 403              	            
 404              	   .weak      TIM8_BRK_TIM12_IRQHandler         
ARM GAS  startup_stm32f429xx.s 			page 8


 405              	   .thumb_set TIM8_BRK_TIM12_IRQHandler,Default_Handler
 406              	         
 407              	   .weak      TIM8_UP_TIM13_IRQHandler            
 408              	   .thumb_set TIM8_UP_TIM13_IRQHandler,Default_Handler
 409              	         
 410              	   .weak      TIM8_TRG_COM_TIM14_IRQHandler      
 411              	   .thumb_set TIM8_TRG_COM_TIM14_IRQHandler,Default_Handler
 412              	      
 413              	   .weak      TIM8_CC_IRQHandler   
 414              	   .thumb_set TIM8_CC_IRQHandler,Default_Handler
 415              	                  
 416              	   .weak      DMA1_Stream7_IRQHandler               
 417              	   .thumb_set DMA1_Stream7_IRQHandler,Default_Handler
 418              	                     
 419              	   .weak      FMC_IRQHandler            
 420              	   .thumb_set FMC_IRQHandler,Default_Handler
 421              	                     
 422              	   .weak      SDIO_IRQHandler            
 423              	   .thumb_set SDIO_IRQHandler,Default_Handler
 424              	                     
 425              	   .weak      TIM5_IRQHandler            
 426              	   .thumb_set TIM5_IRQHandler,Default_Handler
 427              	                     
 428              	   .weak      SPI3_IRQHandler            
 429              	   .thumb_set SPI3_IRQHandler,Default_Handler
 430              	                     
 431              	   .weak      UART4_IRQHandler         
 432              	   .thumb_set UART4_IRQHandler,Default_Handler
 433              	                  
 434              	   .weak      UART5_IRQHandler         
 435              	   .thumb_set UART5_IRQHandler,Default_Handler
 436              	                  
 437              	   .weak      TIM6_DAC_IRQHandler                  
 438              	   .thumb_set TIM6_DAC_IRQHandler,Default_Handler
 439              	               
 440              	   .weak      TIM7_IRQHandler            
 441              	   .thumb_set TIM7_IRQHandler,Default_Handler
 442              	         
 443              	   .weak      DMA2_Stream0_IRQHandler               
 444              	   .thumb_set DMA2_Stream0_IRQHandler,Default_Handler
 445              	               
 446              	   .weak      DMA2_Stream1_IRQHandler               
 447              	   .thumb_set DMA2_Stream1_IRQHandler,Default_Handler
 448              	                  
 449              	   .weak      DMA2_Stream2_IRQHandler               
 450              	   .thumb_set DMA2_Stream2_IRQHandler,Default_Handler
 451              	            
 452              	   .weak      DMA2_Stream3_IRQHandler               
 453              	   .thumb_set DMA2_Stream3_IRQHandler,Default_Handler
 454              	            
 455              	   .weak      DMA2_Stream4_IRQHandler               
 456              	   .thumb_set DMA2_Stream4_IRQHandler,Default_Handler
 457              	   
 458              	   .weak      ETH_IRQHandler               
 459              	   .thumb_set ETH_IRQHandler,Default_Handler
 460              	
 461              	   .weak      ETH_WKUP_IRQHandler               
ARM GAS  startup_stm32f429xx.s 			page 9


 462              	   .thumb_set ETH_WKUP_IRQHandler,Default_Handler
 463              	
 464              	   .weak      CAN2_TX_IRQHandler   
 465              	   .thumb_set CAN2_TX_IRQHandler,Default_Handler
 466              	                           
 467              	   .weak      CAN2_RX0_IRQHandler                  
 468              	   .thumb_set CAN2_RX0_IRQHandler,Default_Handler
 469              	                           
 470              	   .weak      CAN2_RX1_IRQHandler                  
 471              	   .thumb_set CAN2_RX1_IRQHandler,Default_Handler
 472              	                           
 473              	   .weak      CAN2_SCE_IRQHandler                  
 474              	   .thumb_set CAN2_SCE_IRQHandler,Default_Handler
 475              	                           
 476              	   .weak      OTG_FS_IRQHandler      
 477              	   .thumb_set OTG_FS_IRQHandler,Default_Handler
 478              	                     
 479              	   .weak      DMA2_Stream5_IRQHandler               
 480              	   .thumb_set DMA2_Stream5_IRQHandler,Default_Handler
 481              	                  
 482              	   .weak      DMA2_Stream6_IRQHandler               
 483              	   .thumb_set DMA2_Stream6_IRQHandler,Default_Handler
 484              	                  
 485              	   .weak      DMA2_Stream7_IRQHandler               
 486              	   .thumb_set DMA2_Stream7_IRQHandler,Default_Handler
 487              	                  
 488              	   .weak      USART6_IRQHandler      
 489              	   .thumb_set USART6_IRQHandler,Default_Handler
 490              	                        
 491              	   .weak      I2C3_EV_IRQHandler   
 492              	   .thumb_set I2C3_EV_IRQHandler,Default_Handler
 493              	                        
 494              	   .weak      I2C3_ER_IRQHandler   
 495              	   .thumb_set I2C3_ER_IRQHandler,Default_Handler
 496              	                        
 497              	   .weak      OTG_HS_EP1_OUT_IRQHandler         
 498              	   .thumb_set OTG_HS_EP1_OUT_IRQHandler,Default_Handler
 499              	               
 500              	   .weak      OTG_HS_EP1_IN_IRQHandler            
 501              	   .thumb_set OTG_HS_EP1_IN_IRQHandler,Default_Handler
 502              	               
 503              	   .weak      OTG_HS_WKUP_IRQHandler         
 504              	   .thumb_set OTG_HS_WKUP_IRQHandler,Default_Handler
 505              	            
 506              	   .weak      OTG_HS_IRQHandler      
 507              	   .thumb_set OTG_HS_IRQHandler,Default_Handler
 508              	                  
 509              	   .weak      DCMI_IRQHandler            
 510              	   .thumb_set DCMI_IRQHandler,Default_Handler
 511              	                                   
 512              	   .weak      HASH_RNG_IRQHandler                  
 513              	   .thumb_set HASH_RNG_IRQHandler,Default_Handler   
 514              	
 515              	   .weak      FPU_IRQHandler                  
 516              	   .thumb_set FPU_IRQHandler,Default_Handler  
 517              	
 518              	   .weak      UART7_IRQHandler            
ARM GAS  startup_stm32f429xx.s 			page 10


 519              	   .thumb_set UART7_IRQHandler,Default_Handler
 520              	
 521              	   .weak      UART8_IRQHandler            
 522              	   .thumb_set UART8_IRQHandler,Default_Handler
 523              	
 524              	   .weak      SPI4_IRQHandler            
 525              	   .thumb_set SPI4_IRQHandler,Default_Handler
 526              	
 527              	   .weak      SPI5_IRQHandler            
 528              	   .thumb_set SPI5_IRQHandler,Default_Handler
 529              	
 530              	   .weak      SPI6_IRQHandler            
 531              	   .thumb_set SPI6_IRQHandler,Default_Handler
 532              	
 533              	   .weak      SAI1_IRQHandler            
 534              	   .thumb_set SAI1_IRQHandler,Default_Handler
 535              	
 536              	   .weak      LTDC_IRQHandler            
 537              	   .thumb_set LTDC_IRQHandler,Default_Handler
 538              	
 539              	   .weak      LTDC_ER_IRQHandler            
 540              	   .thumb_set LTDC_ER_IRQHandler,Default_Handler
 541              	
 542              	   .weak      DMA2D_IRQHandler            
 543              	   .thumb_set DMA2D_IRQHandler,Default_Handler
ARM GAS  startup_stm32f429xx.s 			page 11


DEFINED SYMBOLS
startup_stm32f429xx.s:126    .isr_vector:00000000 g_pfnVectors
startup_stm32f429xx.s:112    .text.Default_Handler:00000000 Default_Handler
startup_stm32f429xx.s:60     .text.Reset_Handler:00000000 Reset_Handler
startup_stm32f429xx.s:61     .text.Reset_Handler:00000000 $t
startup_stm32f429xx.s:78     .text.Reset_Handler:00000018 LoopCopyDataInit
startup_stm32f429xx.s:73     .text.Reset_Handler:00000012 CopyDataInit
startup_stm32f429xx.s:93     .text.Reset_Handler:0000002a LoopFillZerobss
startup_stm32f429xx.s:89     .text.Reset_Handler:00000026 FillZerobss
startup_stm32f429xx.s:113    .text.Default_Handler:00000000 Infinite_Loop
startup_stm32f429xx.s:114    .text.Default_Handler:00000000 $t
startup_stm32f429xx.s:112    .text.Default_Handler:00000000 NMI_Handler
startup_stm32f429xx.s:112    .text.Default_Handler:00000000 HardFault_Handler
startup_stm32f429xx.s:112    .text.Default_Handler:00000000 MemManage_Handler
startup_stm32f429xx.s:112    .text.Default_Handler:00000000 BusFault_Handler
startup_stm32f429xx.s:112    .text.Default_Handler:00000000 UsageFault_Handler
startup_stm32f429xx.s:112    .text.Default_Handler:00000000 SVC_Handler
startup_stm32f429xx.s:112    .text.Default_Handler:00000000 DebugMon_Handler
startup_stm32f429xx.s:112    .text.Default_Handler:00000000 PendSV_Handler
startup_stm32f429xx.s:112    .text.Default_Handler:00000000 SysTick_Handler
startup_stm32f429xx.s:112    .text.Default_Handler:00000000 WWDG_IRQHandler
startup_stm32f429xx.s:112    .text.Default_Handler:00000000 PVD_IRQHandler
startup_stm32f429xx.s:112    .text.Default_Handler:00000000 TAMP_STAMP_IRQHandler
startup_stm32f429xx.s:112    .text.Default_Handler:00000000 RTC_WKUP_IRQHandler
startup_stm32f429xx.s:112    .text.Default_Handler:00000000 FLASH_IRQHandler
startup_stm32f429xx.s:112    .text.Default_Handler:00000000 RCC_IRQHandler
startup_stm32f429xx.s:112    .text.Default_Handler:00000000 EXTI0_IRQHandler
startup_stm32f429xx.s:112    .text.Default_Handler:00000000 EXTI1_IRQHandler
startup_stm32f429xx.s:112    .text.Default_Handler:00000000 EXTI2_IRQHandler
startup_stm32f429xx.s:112    .text.Default_Handler:00000000 EXTI3_IRQHandler
startup_stm32f429xx.s:112    .text.Default_Handler:00000000 EXTI4_IRQHandler
startup_stm32f429xx.s:112    .text.Default_Handler:00000000 DMA1_Stream0_IRQHandler
startup_stm32f429xx.s:112    .text.Default_Handler:00000000 DMA1_Stream1_IRQHandler
startup_stm32f429xx.s:112    .text.Default_Handler:00000000 DMA1_Stream2_IRQHandler
startup_stm32f429xx.s:112    .text.Default_Handler:00000000 DMA1_Stream3_IRQHandler
startup_stm32f429xx.s:112    .text.Default_Handler:00000000 DMA1_Stream4_IRQHandler
startup_stm32f429xx.s:112    .text.Default_Handler:00000000 DMA1_Stream5_IRQHandler
startup_stm32f429xx.s:112    .text.Default_Handler:00000000 DMA1_Stream6_IRQHandler
startup_stm32f429xx.s:112    .text.Default_Handler:00000000 ADC_IRQHandler
startup_stm32f429xx.s:112    .text.Default_Handler:00000000 CAN1_TX_IRQHandler
startup_stm32f429xx.s:112    .text.Default_Handler:00000000 CAN1_RX0_IRQHandler
startup_stm32f429xx.s:112    .text.Default_Handler:00000000 CAN1_RX1_IRQHandler
startup_stm32f429xx.s:112    .text.Default_Handler:00000000 CAN1_SCE_IRQHandler
startup_stm32f429xx.s:112    .text.Default_Handler:00000000 EXTI9_5_IRQHandler
startup_stm32f429xx.s:112    .text.Default_Handler:00000000 TIM1_BRK_TIM9_IRQHandler
startup_stm32f429xx.s:112    .text.Default_Handler:00000000 TIM1_UP_TIM10_IRQHandler
startup_stm32f429xx.s:112    .text.Default_Handler:00000000 TIM1_TRG_COM_TIM11_IRQHandler
startup_stm32f429xx.s:112    .text.Default_Handler:00000000 TIM1_CC_IRQHandler
startup_stm32f429xx.s:112    .text.Default_Handler:00000000 TIM2_IRQHandler
startup_stm32f429xx.s:112    .text.Default_Handler:00000000 TIM3_IRQHandler
startup_stm32f429xx.s:112    .text.Default_Handler:00000000 TIM4_IRQHandler
startup_stm32f429xx.s:112    .text.Default_Handler:00000000 I2C1_EV_IRQHandler
startup_stm32f429xx.s:112    .text.Default_Handler:00000000 I2C1_ER_IRQHandler
startup_stm32f429xx.s:112    .text.Default_Handler:00000000 I2C2_EV_IRQHandler
startup_stm32f429xx.s:112    .text.Default_Handler:00000000 I2C2_ER_IRQHandler
startup_stm32f429xx.s:112    .text.Default_Handler:00000000 SPI1_IRQHandler
startup_stm32f429xx.s:112    .text.Default_Handler:00000000 SPI2_IRQHandler
ARM GAS  startup_stm32f429xx.s 			page 12


startup_stm32f429xx.s:112    .text.Default_Handler:00000000 USART1_IRQHandler
startup_stm32f429xx.s:112    .text.Default_Handler:00000000 USART2_IRQHandler
startup_stm32f429xx.s:112    .text.Default_Handler:00000000 USART3_IRQHandler
startup_stm32f429xx.s:112    .text.Default_Handler:00000000 EXTI15_10_IRQHandler
startup_stm32f429xx.s:112    .text.Default_Handler:00000000 RTC_Alarm_IRQHandler
startup_stm32f429xx.s:112    .text.Default_Handler:00000000 OTG_FS_WKUP_IRQHandler
startup_stm32f429xx.s:112    .text.Default_Handler:00000000 TIM8_BRK_TIM12_IRQHandler
startup_stm32f429xx.s:112    .text.Default_Handler:00000000 TIM8_UP_TIM13_IRQHandler
startup_stm32f429xx.s:112    .text.Default_Handler:00000000 TIM8_TRG_COM_TIM14_IRQHandler
startup_stm32f429xx.s:112    .text.Default_Handler:00000000 TIM8_CC_IRQHandler
startup_stm32f429xx.s:112    .text.Default_Handler:00000000 DMA1_Stream7_IRQHandler
startup_stm32f429xx.s:112    .text.Default_Handler:00000000 FMC_IRQHandler
startup_stm32f429xx.s:112    .text.Default_Handler:00000000 SDIO_IRQHandler
startup_stm32f429xx.s:112    .text.Default_Handler:00000000 TIM5_IRQHandler
startup_stm32f429xx.s:112    .text.Default_Handler:00000000 SPI3_IRQHandler
startup_stm32f429xx.s:112    .text.Default_Handler:00000000 UART4_IRQHandler
startup_stm32f429xx.s:112    .text.Default_Handler:00000000 UART5_IRQHandler
startup_stm32f429xx.s:112    .text.Default_Handler:00000000 TIM6_DAC_IRQHandler
startup_stm32f429xx.s:112    .text.Default_Handler:00000000 TIM7_IRQHandler
startup_stm32f429xx.s:112    .text.Default_Handler:00000000 DMA2_Stream0_IRQHandler
startup_stm32f429xx.s:112    .text.Default_Handler:00000000 DMA2_Stream1_IRQHandler
startup_stm32f429xx.s:112    .text.Default_Handler:00000000 DMA2_Stream2_IRQHandler
startup_stm32f429xx.s:112    .text.Default_Handler:00000000 DMA2_Stream3_IRQHandler
startup_stm32f429xx.s:112    .text.Default_Handler:00000000 DMA2_Stream4_IRQHandler
startup_stm32f429xx.s:112    .text.Default_Handler:00000000 ETH_IRQHandler
startup_stm32f429xx.s:112    .text.Default_Handler:00000000 ETH_WKUP_IRQHandler
startup_stm32f429xx.s:112    .text.Default_Handler:00000000 CAN2_TX_IRQHandler
startup_stm32f429xx.s:112    .text.Default_Handler:00000000 CAN2_RX0_IRQHandler
startup_stm32f429xx.s:112    .text.Default_Handler:00000000 CAN2_RX1_IRQHandler
startup_stm32f429xx.s:112    .text.Default_Handler:00000000 CAN2_SCE_IRQHandler
startup_stm32f429xx.s:112    .text.Default_Handler:00000000 OTG_FS_IRQHandler
startup_stm32f429xx.s:112    .text.Default_Handler:00000000 DMA2_Stream5_IRQHandler
startup_stm32f429xx.s:112    .text.Default_Handler:00000000 DMA2_Stream6_IRQHandler
startup_stm32f429xx.s:112    .text.Default_Handler:00000000 DMA2_Stream7_IRQHandler
startup_stm32f429xx.s:112    .text.Default_Handler:00000000 USART6_IRQHandler
startup_stm32f429xx.s:112    .text.Default_Handler:00000000 I2C3_EV_IRQHandler
startup_stm32f429xx.s:112    .text.Default_Handler:00000000 I2C3_ER_IRQHandler
startup_stm32f429xx.s:112    .text.Default_Handler:00000000 OTG_HS_EP1_OUT_IRQHandler
startup_stm32f429xx.s:112    .text.Default_Handler:00000000 OTG_HS_EP1_IN_IRQHandler
startup_stm32f429xx.s:112    .text.Default_Handler:00000000 OTG_HS_WKUP_IRQHandler
startup_stm32f429xx.s:112    .text.Default_Handler:00000000 OTG_HS_IRQHandler
startup_stm32f429xx.s:112    .text.Default_Handler:00000000 DCMI_IRQHandler
startup_stm32f429xx.s:112    .text.Default_Handler:00000000 HASH_RNG_IRQHandler
startup_stm32f429xx.s:112    .text.Default_Handler:00000000 FPU_IRQHandler
startup_stm32f429xx.s:112    .text.Default_Handler:00000000 UART7_IRQHandler
startup_stm32f429xx.s:112    .text.Default_Handler:00000000 UART8_IRQHandler
startup_stm32f429xx.s:112    .text.Default_Handler:00000000 SPI4_IRQHandler
startup_stm32f429xx.s:112    .text.Default_Handler:00000000 SPI5_IRQHandler
startup_stm32f429xx.s:112    .text.Default_Handler:00000000 SPI6_IRQHandler
startup_stm32f429xx.s:112    .text.Default_Handler:00000000 SAI1_IRQHandler
startup_stm32f429xx.s:112    .text.Default_Handler:00000000 LTDC_IRQHandler
startup_stm32f429xx.s:112    .text.Default_Handler:00000000 LTDC_ER_IRQHandler
startup_stm32f429xx.s:112    .text.Default_Handler:00000000 DMA2D_IRQHandler
startup_stm32f429xx.s:543    .text.Reset_Handler:00000038 $d
                            .text:00000000 $d

UNDEFINED SYMBOLS
ARM GAS  startup_stm32f429xx.s 			page 13


_sidata
_sdata
_edata
_sbss
_ebss
_estack
SystemInit
__libc_init_array
main
