ARM GAS  /var/folders/06/9k7gq4t13mj84z2yhw3grvhc0000gn/T//ccKNtOyc.s 			page 1


   1              		.cpu cortex-m4
   2              		.arch armv7e-m
   3              		.fpu fpv4-sp-d16
   4              		.eabi_attribute 27, 1
   5              		.eabi_attribute 28, 1
   6              		.eabi_attribute 20, 1
   7              		.eabi_attribute 21, 1
   8              		.eabi_attribute 23, 3
   9              		.eabi_attribute 24, 1
  10              		.eabi_attribute 25, 1
  11              		.eabi_attribute 26, 1
  12              		.eabi_attribute 30, 6
  13              		.eabi_attribute 34, 1
  14              		.eabi_attribute 18, 4
  15              		.file	"stm32f429i_discovery_gyroscope.c"
  16              		.text
  17              	.Ltext0:
  18              		.cfi_sections	.debug_frame
  19              		.file 1 "Drivers/BSP/STM32F429I-Discovery/stm32f429i_discovery_gyroscope.c"
  20              		.section	.bss.GyroscopeDrv,"aw",%nobits
  21              		.align	2
  24              	GyroscopeDrv:
  25 0000 00000000 		.space	4
  26              		.section	.text.BSP_GYRO_Init,"ax",%progbits
  27              		.align	1
  28              		.global	BSP_GYRO_Init
  29              		.syntax unified
  30              		.thumb
  31              		.thumb_func
  33              	BSP_GYRO_Init:
  34              	.LFB134:
   1:Drivers/BSP/STM32F429I-Discovery/stm32f429i_discovery_gyroscope.c **** /**
   2:Drivers/BSP/STM32F429I-Discovery/stm32f429i_discovery_gyroscope.c ****   ******************************************************************************
   3:Drivers/BSP/STM32F429I-Discovery/stm32f429i_discovery_gyroscope.c ****   * @file    stm32f429i_discovery_gyroscope.c
   4:Drivers/BSP/STM32F429I-Discovery/stm32f429i_discovery_gyroscope.c ****   * @author  MCD Application Team
   5:Drivers/BSP/STM32F429I-Discovery/stm32f429i_discovery_gyroscope.c ****   * @brief   This file provides a set of functions needed to manage the
   6:Drivers/BSP/STM32F429I-Discovery/stm32f429i_discovery_gyroscope.c ****   *          MEMS gyroscope available on STM32F429I-Discovery Kit.
   7:Drivers/BSP/STM32F429I-Discovery/stm32f429i_discovery_gyroscope.c ****   ******************************************************************************
   8:Drivers/BSP/STM32F429I-Discovery/stm32f429i_discovery_gyroscope.c ****   * @attention
   9:Drivers/BSP/STM32F429I-Discovery/stm32f429i_discovery_gyroscope.c ****   *
  10:Drivers/BSP/STM32F429I-Discovery/stm32f429i_discovery_gyroscope.c ****   * Copyright (c) 2017 STMicroelectronics.
  11:Drivers/BSP/STM32F429I-Discovery/stm32f429i_discovery_gyroscope.c ****   * All rights reserved.
  12:Drivers/BSP/STM32F429I-Discovery/stm32f429i_discovery_gyroscope.c ****   *
  13:Drivers/BSP/STM32F429I-Discovery/stm32f429i_discovery_gyroscope.c ****   * This software is licensed under terms that can be found in the LICENSE file
  14:Drivers/BSP/STM32F429I-Discovery/stm32f429i_discovery_gyroscope.c ****   * in the root directory of this software component.
  15:Drivers/BSP/STM32F429I-Discovery/stm32f429i_discovery_gyroscope.c ****   * If no LICENSE file comes with this software, it is provided AS-IS.
  16:Drivers/BSP/STM32F429I-Discovery/stm32f429i_discovery_gyroscope.c ****   *
  17:Drivers/BSP/STM32F429I-Discovery/stm32f429i_discovery_gyroscope.c ****   ******************************************************************************
  18:Drivers/BSP/STM32F429I-Discovery/stm32f429i_discovery_gyroscope.c ****   */
  19:Drivers/BSP/STM32F429I-Discovery/stm32f429i_discovery_gyroscope.c **** /* Includes ------------------------------------------------------------------*/
  20:Drivers/BSP/STM32F429I-Discovery/stm32f429i_discovery_gyroscope.c **** #include "stm32f429i_discovery_gyroscope.h"
  21:Drivers/BSP/STM32F429I-Discovery/stm32f429i_discovery_gyroscope.c **** 
  22:Drivers/BSP/STM32F429I-Discovery/stm32f429i_discovery_gyroscope.c **** /** @addtogroup BSP
  23:Drivers/BSP/STM32F429I-Discovery/stm32f429i_discovery_gyroscope.c ****   * @{
  24:Drivers/BSP/STM32F429I-Discovery/stm32f429i_discovery_gyroscope.c ****   */
  25:Drivers/BSP/STM32F429I-Discovery/stm32f429i_discovery_gyroscope.c **** 
  26:Drivers/BSP/STM32F429I-Discovery/stm32f429i_discovery_gyroscope.c **** /** @addtogroup STM32F429I_DISCOVERY
ARM GAS  /var/folders/06/9k7gq4t13mj84z2yhw3grvhc0000gn/T//ccKNtOyc.s 			page 2


  27:Drivers/BSP/STM32F429I-Discovery/stm32f429i_discovery_gyroscope.c ****   * @{
  28:Drivers/BSP/STM32F429I-Discovery/stm32f429i_discovery_gyroscope.c ****   */
  29:Drivers/BSP/STM32F429I-Discovery/stm32f429i_discovery_gyroscope.c **** 
  30:Drivers/BSP/STM32F429I-Discovery/stm32f429i_discovery_gyroscope.c **** /** @defgroup STM32F429I_DISCOVERY_GYROSCOPE STM32F429I DISCOVERY GYROSCOPE
  31:Drivers/BSP/STM32F429I-Discovery/stm32f429i_discovery_gyroscope.c ****   * @{
  32:Drivers/BSP/STM32F429I-Discovery/stm32f429i_discovery_gyroscope.c ****   */
  33:Drivers/BSP/STM32F429I-Discovery/stm32f429i_discovery_gyroscope.c **** 
  34:Drivers/BSP/STM32F429I-Discovery/stm32f429i_discovery_gyroscope.c **** /** @defgroup STM32F429I_DISCOVERY_GYROSCOPE_Private_TypesDefinitions STM32F429I DISCOVERY GYROSCOP
  35:Drivers/BSP/STM32F429I-Discovery/stm32f429i_discovery_gyroscope.c ****   * @{
  36:Drivers/BSP/STM32F429I-Discovery/stm32f429i_discovery_gyroscope.c ****   */
  37:Drivers/BSP/STM32F429I-Discovery/stm32f429i_discovery_gyroscope.c **** /**
  38:Drivers/BSP/STM32F429I-Discovery/stm32f429i_discovery_gyroscope.c ****   * @}
  39:Drivers/BSP/STM32F429I-Discovery/stm32f429i_discovery_gyroscope.c ****   */
  40:Drivers/BSP/STM32F429I-Discovery/stm32f429i_discovery_gyroscope.c **** 
  41:Drivers/BSP/STM32F429I-Discovery/stm32f429i_discovery_gyroscope.c **** /** @defgroup STM32F429I_DISCOVERY_GYROSCOPE_Private_Defines STM32F429I DISCOVERY GYROSCOPE Private
  42:Drivers/BSP/STM32F429I-Discovery/stm32f429i_discovery_gyroscope.c ****   * @{
  43:Drivers/BSP/STM32F429I-Discovery/stm32f429i_discovery_gyroscope.c ****   */
  44:Drivers/BSP/STM32F429I-Discovery/stm32f429i_discovery_gyroscope.c **** /**
  45:Drivers/BSP/STM32F429I-Discovery/stm32f429i_discovery_gyroscope.c ****   * @}
  46:Drivers/BSP/STM32F429I-Discovery/stm32f429i_discovery_gyroscope.c ****   */
  47:Drivers/BSP/STM32F429I-Discovery/stm32f429i_discovery_gyroscope.c **** 
  48:Drivers/BSP/STM32F429I-Discovery/stm32f429i_discovery_gyroscope.c **** /** @defgroup STM32F429I_DISCOVERY_GYROSCOPE_Private_Macros STM32F429I DISCOVERY GYROSCOPE Private 
  49:Drivers/BSP/STM32F429I-Discovery/stm32f429i_discovery_gyroscope.c ****   * @{
  50:Drivers/BSP/STM32F429I-Discovery/stm32f429i_discovery_gyroscope.c ****   */
  51:Drivers/BSP/STM32F429I-Discovery/stm32f429i_discovery_gyroscope.c **** /**
  52:Drivers/BSP/STM32F429I-Discovery/stm32f429i_discovery_gyroscope.c ****   * @}
  53:Drivers/BSP/STM32F429I-Discovery/stm32f429i_discovery_gyroscope.c ****   */
  54:Drivers/BSP/STM32F429I-Discovery/stm32f429i_discovery_gyroscope.c **** 
  55:Drivers/BSP/STM32F429I-Discovery/stm32f429i_discovery_gyroscope.c **** /** @defgroup STM32F429I_DISCOVERY_GYROSCOPE_Private_Variables STM32F429I DISCOVERY GYROSCOPE Priva
  56:Drivers/BSP/STM32F429I-Discovery/stm32f429i_discovery_gyroscope.c ****   * @{
  57:Drivers/BSP/STM32F429I-Discovery/stm32f429i_discovery_gyroscope.c ****   */
  58:Drivers/BSP/STM32F429I-Discovery/stm32f429i_discovery_gyroscope.c **** static GYRO_DrvTypeDef *GyroscopeDrv;
  59:Drivers/BSP/STM32F429I-Discovery/stm32f429i_discovery_gyroscope.c **** 
  60:Drivers/BSP/STM32F429I-Discovery/stm32f429i_discovery_gyroscope.c **** /**
  61:Drivers/BSP/STM32F429I-Discovery/stm32f429i_discovery_gyroscope.c ****   * @}
  62:Drivers/BSP/STM32F429I-Discovery/stm32f429i_discovery_gyroscope.c ****   */
  63:Drivers/BSP/STM32F429I-Discovery/stm32f429i_discovery_gyroscope.c **** 
  64:Drivers/BSP/STM32F429I-Discovery/stm32f429i_discovery_gyroscope.c **** /** @defgroup STM32F429I_DISCOVERY_GYROSCOPE_Private_FunctionPrototypes STM32F429I DISCOVERY GYROSC
  65:Drivers/BSP/STM32F429I-Discovery/stm32f429i_discovery_gyroscope.c ****   * @{
  66:Drivers/BSP/STM32F429I-Discovery/stm32f429i_discovery_gyroscope.c ****   */
  67:Drivers/BSP/STM32F429I-Discovery/stm32f429i_discovery_gyroscope.c **** /**
  68:Drivers/BSP/STM32F429I-Discovery/stm32f429i_discovery_gyroscope.c ****   * @}
  69:Drivers/BSP/STM32F429I-Discovery/stm32f429i_discovery_gyroscope.c ****   */
  70:Drivers/BSP/STM32F429I-Discovery/stm32f429i_discovery_gyroscope.c **** 
  71:Drivers/BSP/STM32F429I-Discovery/stm32f429i_discovery_gyroscope.c **** /** @defgroup STM32F429I_DISCOVERY_GYROSCOPE_Private_Functions STM32F429I DISCOVERY GYROSCOPE Priva
  72:Drivers/BSP/STM32F429I-Discovery/stm32f429i_discovery_gyroscope.c ****   * @{
  73:Drivers/BSP/STM32F429I-Discovery/stm32f429i_discovery_gyroscope.c ****   */
  74:Drivers/BSP/STM32F429I-Discovery/stm32f429i_discovery_gyroscope.c **** 
  75:Drivers/BSP/STM32F429I-Discovery/stm32f429i_discovery_gyroscope.c **** /**
  76:Drivers/BSP/STM32F429I-Discovery/stm32f429i_discovery_gyroscope.c ****   * @brief  Set gyroscope Initialization.
  77:Drivers/BSP/STM32F429I-Discovery/stm32f429i_discovery_gyroscope.c ****   * @retval GYRO_OK if no problem during initialization
  78:Drivers/BSP/STM32F429I-Discovery/stm32f429i_discovery_gyroscope.c ****   */
  79:Drivers/BSP/STM32F429I-Discovery/stm32f429i_discovery_gyroscope.c **** uint8_t BSP_GYRO_Init(void)
  80:Drivers/BSP/STM32F429I-Discovery/stm32f429i_discovery_gyroscope.c **** {
  35              		.loc 1 80 1
  36              		.cfi_startproc
  37              		@ args = 0, pretend = 0, frame = 16
ARM GAS  /var/folders/06/9k7gq4t13mj84z2yhw3grvhc0000gn/T//ccKNtOyc.s 			page 3


  38              		@ frame_needed = 1, uses_anonymous_args = 0
  39 0000 80B5     		push	{r7, lr}
  40              	.LCFI0:
  41              		.cfi_def_cfa_offset 8
  42              		.cfi_offset 7, -8
  43              		.cfi_offset 14, -4
  44 0002 84B0     		sub	sp, sp, #16
  45              	.LCFI1:
  46              		.cfi_def_cfa_offset 24
  47 0004 00AF     		add	r7, sp, #0
  48              	.LCFI2:
  49              		.cfi_def_cfa_register 7
  81:Drivers/BSP/STM32F429I-Discovery/stm32f429i_discovery_gyroscope.c ****   uint8_t ret = GYRO_ERROR;
  50              		.loc 1 81 11
  51 0006 0123     		movs	r3, #1
  52 0008 FB73     		strb	r3, [r7, #15]
  82:Drivers/BSP/STM32F429I-Discovery/stm32f429i_discovery_gyroscope.c ****   uint16_t ctrl = 0x0000;
  53              		.loc 1 82 12
  54 000a 0023     		movs	r3, #0
  55 000c BB81     		strh	r3, [r7, #12]	@ movhi
  83:Drivers/BSP/STM32F429I-Discovery/stm32f429i_discovery_gyroscope.c ****   GYRO_InitTypeDef         Gyro_InitStructure;
  84:Drivers/BSP/STM32F429I-Discovery/stm32f429i_discovery_gyroscope.c ****   GYRO_FilterConfigTypeDef Gyro_FilterStructure = {0, 0};
  56              		.loc 1 84 28
  57 000e 0023     		movs	r3, #0
  58 0010 3B70     		strb	r3, [r7]
  59 0012 0023     		movs	r3, #0
  60 0014 7B70     		strb	r3, [r7, #1]
  85:Drivers/BSP/STM32F429I-Discovery/stm32f429i_discovery_gyroscope.c **** 
  86:Drivers/BSP/STM32F429I-Discovery/stm32f429i_discovery_gyroscope.c ****   if ((L3gd20Drv.ReadID() == I_AM_L3GD20) || (L3gd20Drv.ReadID() == I_AM_L3GD20_TR))
  61              		.loc 1 86 17
  62 0016 2B4B     		ldr	r3, .L5
  63 0018 9B68     		ldr	r3, [r3, #8]
  64              		.loc 1 86 8
  65 001a 9847     		blx	r3
  66              	.LVL0:
  67 001c 0346     		mov	r3, r0
  68              		.loc 1 86 6 discriminator 1
  69 001e D42B     		cmp	r3, #212
  70 0020 05D0     		beq	.L2
  71              		.loc 1 86 56 discriminator 1
  72 0022 284B     		ldr	r3, .L5
  73 0024 9B68     		ldr	r3, [r3, #8]
  74              		.loc 1 86 47 discriminator 1
  75 0026 9847     		blx	r3
  76              	.LVL1:
  77 0028 0346     		mov	r3, r0
  78              		.loc 1 86 43 discriminator 1
  79 002a D52B     		cmp	r3, #213
  80 002c 44D1     		bne	.L3
  81              	.L2:
  87:Drivers/BSP/STM32F429I-Discovery/stm32f429i_discovery_gyroscope.c ****   {
  88:Drivers/BSP/STM32F429I-Discovery/stm32f429i_discovery_gyroscope.c ****     /* Initialize the gyroscope driver structure */
  89:Drivers/BSP/STM32F429I-Discovery/stm32f429i_discovery_gyroscope.c ****     GyroscopeDrv = &L3gd20Drv;
  82              		.loc 1 89 18
  83 002e 264B     		ldr	r3, .L5+4
  84 0030 244A     		ldr	r2, .L5
  85 0032 1A60     		str	r2, [r3]
ARM GAS  /var/folders/06/9k7gq4t13mj84z2yhw3grvhc0000gn/T//ccKNtOyc.s 			page 4


  90:Drivers/BSP/STM32F429I-Discovery/stm32f429i_discovery_gyroscope.c **** 
  91:Drivers/BSP/STM32F429I-Discovery/stm32f429i_discovery_gyroscope.c ****     /* MEMS configuration ----------------------------------------------------*/
  92:Drivers/BSP/STM32F429I-Discovery/stm32f429i_discovery_gyroscope.c ****     /* Fill the gyroscope structure */
  93:Drivers/BSP/STM32F429I-Discovery/stm32f429i_discovery_gyroscope.c ****     Gyro_InitStructure.Power_Mode       = L3GD20_MODE_ACTIVE;
  86              		.loc 1 93 41
  87 0034 0823     		movs	r3, #8
  88 0036 3B71     		strb	r3, [r7, #4]
  94:Drivers/BSP/STM32F429I-Discovery/stm32f429i_discovery_gyroscope.c ****     Gyro_InitStructure.Output_DataRate  = L3GD20_OUTPUT_DATARATE_1;
  89              		.loc 1 94 41
  90 0038 0023     		movs	r3, #0
  91 003a 7B71     		strb	r3, [r7, #5]
  95:Drivers/BSP/STM32F429I-Discovery/stm32f429i_discovery_gyroscope.c ****     Gyro_InitStructure.Axes_Enable      = L3GD20_AXES_ENABLE;
  92              		.loc 1 95 41
  93 003c 0723     		movs	r3, #7
  94 003e BB71     		strb	r3, [r7, #6]
  96:Drivers/BSP/STM32F429I-Discovery/stm32f429i_discovery_gyroscope.c ****     Gyro_InitStructure.Band_Width       = L3GD20_BANDWIDTH_4;
  95              		.loc 1 96 41
  96 0040 3023     		movs	r3, #48
  97 0042 FB71     		strb	r3, [r7, #7]
  97:Drivers/BSP/STM32F429I-Discovery/stm32f429i_discovery_gyroscope.c ****     Gyro_InitStructure.BlockData_Update = L3GD20_BlockDataUpdate_Continous;
  98              		.loc 1 97 41
  99 0044 0023     		movs	r3, #0
 100 0046 3B72     		strb	r3, [r7, #8]
  98:Drivers/BSP/STM32F429I-Discovery/stm32f429i_discovery_gyroscope.c ****     Gyro_InitStructure.Endianness       = L3GD20_BLE_LSB;
 101              		.loc 1 98 41
 102 0048 0023     		movs	r3, #0
 103 004a 7B72     		strb	r3, [r7, #9]
  99:Drivers/BSP/STM32F429I-Discovery/stm32f429i_discovery_gyroscope.c ****     Gyro_InitStructure.Full_Scale       = L3GD20_FULLSCALE_500;
 104              		.loc 1 99 41
 105 004c 1023     		movs	r3, #16
 106 004e BB72     		strb	r3, [r7, #10]
 100:Drivers/BSP/STM32F429I-Discovery/stm32f429i_discovery_gyroscope.c **** 
 101:Drivers/BSP/STM32F429I-Discovery/stm32f429i_discovery_gyroscope.c ****     /* Configure MEMS: data rate, power mode, full scale and axes */
 102:Drivers/BSP/STM32F429I-Discovery/stm32f429i_discovery_gyroscope.c ****     ctrl = (uint16_t)(Gyro_InitStructure.Power_Mode  | Gyro_InitStructure.Output_DataRate | \
 107              		.loc 1 102 41
 108 0050 3A79     		ldrb	r2, [r7, #4]	@ zero_extendqisi2
 109              		.loc 1 102 74
 110 0052 7B79     		ldrb	r3, [r7, #5]	@ zero_extendqisi2
 111              		.loc 1 102 12
 112 0054 1343     		orrs	r3, r3, r2
 113 0056 DAB2     		uxtb	r2, r3
 103:Drivers/BSP/STM32F429I-Discovery/stm32f429i_discovery_gyroscope.c ****                       Gyro_InitStructure.Axes_Enable | Gyro_InitStructure.Band_Width);
 114              		.loc 1 103 41
 115 0058 BB79     		ldrb	r3, [r7, #6]	@ zero_extendqisi2
 102:Drivers/BSP/STM32F429I-Discovery/stm32f429i_discovery_gyroscope.c ****                       Gyro_InitStructure.Axes_Enable | Gyro_InitStructure.Band_Width);
 116              		.loc 1 102 12
 117 005a 1343     		orrs	r3, r3, r2
 118 005c DAB2     		uxtb	r2, r3
 119              		.loc 1 103 74
 120 005e FB79     		ldrb	r3, [r7, #7]	@ zero_extendqisi2
 102:Drivers/BSP/STM32F429I-Discovery/stm32f429i_discovery_gyroscope.c ****                       Gyro_InitStructure.Axes_Enable | Gyro_InitStructure.Band_Width);
 121              		.loc 1 102 12
 122 0060 1343     		orrs	r3, r3, r2
 123 0062 DBB2     		uxtb	r3, r3
 102:Drivers/BSP/STM32F429I-Discovery/stm32f429i_discovery_gyroscope.c ****                       Gyro_InitStructure.Axes_Enable | Gyro_InitStructure.Band_Width);
 124              		.loc 1 102 10
 125 0064 BB81     		strh	r3, [r7, #12]	@ movhi
ARM GAS  /var/folders/06/9k7gq4t13mj84z2yhw3grvhc0000gn/T//ccKNtOyc.s 			page 5


 104:Drivers/BSP/STM32F429I-Discovery/stm32f429i_discovery_gyroscope.c **** 
 105:Drivers/BSP/STM32F429I-Discovery/stm32f429i_discovery_gyroscope.c ****     ctrl |= (uint16_t)((Gyro_InitStructure.BlockData_Update | Gyro_InitStructure.Endianness | \
 126              		.loc 1 105 43
 127 0066 3A7A     		ldrb	r2, [r7, #8]	@ zero_extendqisi2
 128              		.loc 1 105 81
 129 0068 7B7A     		ldrb	r3, [r7, #9]	@ zero_extendqisi2
 130              		.loc 1 105 13
 131 006a 1343     		orrs	r3, r3, r2
 132 006c DAB2     		uxtb	r2, r3
 106:Drivers/BSP/STM32F429I-Discovery/stm32f429i_discovery_gyroscope.c ****                         Gyro_InitStructure.Full_Scale) << 8);
 133              		.loc 1 106 43
 134 006e BB7A     		ldrb	r3, [r7, #10]	@ zero_extendqisi2
 105:Drivers/BSP/STM32F429I-Discovery/stm32f429i_discovery_gyroscope.c ****                         Gyro_InitStructure.Full_Scale) << 8);
 135              		.loc 1 105 13
 136 0070 1343     		orrs	r3, r3, r2
 137 0072 DBB2     		uxtb	r3, r3
 138 0074 1B02     		lsls	r3, r3, #8
 139 0076 9AB2     		uxth	r2, r3
 105:Drivers/BSP/STM32F429I-Discovery/stm32f429i_discovery_gyroscope.c ****                         Gyro_InitStructure.Full_Scale) << 8);
 140              		.loc 1 105 10
 141 0078 BB89     		ldrh	r3, [r7, #12]	@ movhi
 142 007a 1343     		orrs	r3, r3, r2
 143 007c BB81     		strh	r3, [r7, #12]	@ movhi
 107:Drivers/BSP/STM32F429I-Discovery/stm32f429i_discovery_gyroscope.c **** 
 108:Drivers/BSP/STM32F429I-Discovery/stm32f429i_discovery_gyroscope.c ****     /* Initialize the gyroscope */
 109:Drivers/BSP/STM32F429I-Discovery/stm32f429i_discovery_gyroscope.c ****     GyroscopeDrv->Init(ctrl);
 144              		.loc 1 109 17
 145 007e 124B     		ldr	r3, .L5+4
 146 0080 1B68     		ldr	r3, [r3]
 147 0082 1B68     		ldr	r3, [r3]
 148              		.loc 1 109 5
 149 0084 BA89     		ldrh	r2, [r7, #12]
 150 0086 1046     		mov	r0, r2
 151 0088 9847     		blx	r3
 152              	.LVL2:
 110:Drivers/BSP/STM32F429I-Discovery/stm32f429i_discovery_gyroscope.c **** 
 111:Drivers/BSP/STM32F429I-Discovery/stm32f429i_discovery_gyroscope.c ****     Gyro_FilterStructure.HighPassFilter_Mode_Selection   = L3GD20_HPM_NORMAL_MODE_RES;
 153              		.loc 1 111 58
 154 008a 0023     		movs	r3, #0
 155 008c 3B70     		strb	r3, [r7]
 112:Drivers/BSP/STM32F429I-Discovery/stm32f429i_discovery_gyroscope.c ****     Gyro_FilterStructure.HighPassFilter_CutOff_Frequency = L3GD20_HPFCF_0;
 156              		.loc 1 112 58
 157 008e 0023     		movs	r3, #0
 158 0090 7B70     		strb	r3, [r7, #1]
 113:Drivers/BSP/STM32F429I-Discovery/stm32f429i_discovery_gyroscope.c **** 
 114:Drivers/BSP/STM32F429I-Discovery/stm32f429i_discovery_gyroscope.c ****     ctrl = (uint8_t)((Gyro_FilterStructure.HighPassFilter_Mode_Selection | \
 159              		.loc 1 114 43
 160 0092 3A78     		ldrb	r2, [r7]	@ zero_extendqisi2
 115:Drivers/BSP/STM32F429I-Discovery/stm32f429i_discovery_gyroscope.c ****                       Gyro_FilterStructure.HighPassFilter_CutOff_Frequency));
 161              		.loc 1 115 43
 162 0094 7B78     		ldrb	r3, [r7, #1]	@ zero_extendqisi2
 114:Drivers/BSP/STM32F429I-Discovery/stm32f429i_discovery_gyroscope.c ****                       Gyro_FilterStructure.HighPassFilter_CutOff_Frequency));
 163              		.loc 1 114 12
 164 0096 1343     		orrs	r3, r3, r2
 165 0098 DBB2     		uxtb	r3, r3
 114:Drivers/BSP/STM32F429I-Discovery/stm32f429i_discovery_gyroscope.c ****                       Gyro_FilterStructure.HighPassFilter_CutOff_Frequency));
 166              		.loc 1 114 10
ARM GAS  /var/folders/06/9k7gq4t13mj84z2yhw3grvhc0000gn/T//ccKNtOyc.s 			page 6


 167 009a BB81     		strh	r3, [r7, #12]	@ movhi
 116:Drivers/BSP/STM32F429I-Discovery/stm32f429i_discovery_gyroscope.c **** 
 117:Drivers/BSP/STM32F429I-Discovery/stm32f429i_discovery_gyroscope.c ****     /* Configure the gyroscope main parameters */
 118:Drivers/BSP/STM32F429I-Discovery/stm32f429i_discovery_gyroscope.c ****     GyroscopeDrv->FilterConfig(ctrl) ;
 168              		.loc 1 118 17
 169 009c 0A4B     		ldr	r3, .L5+4
 170 009e 1B68     		ldr	r3, [r3]
 171 00a0 9B6A     		ldr	r3, [r3, #40]
 172              		.loc 1 118 5
 173 00a2 BA89     		ldrh	r2, [r7, #12]	@ movhi
 174 00a4 D2B2     		uxtb	r2, r2
 175 00a6 1046     		mov	r0, r2
 176 00a8 9847     		blx	r3
 177              	.LVL3:
 119:Drivers/BSP/STM32F429I-Discovery/stm32f429i_discovery_gyroscope.c **** 
 120:Drivers/BSP/STM32F429I-Discovery/stm32f429i_discovery_gyroscope.c ****     GyroscopeDrv->FilterCmd(L3GD20_HIGHPASSFILTER_ENABLE);
 178              		.loc 1 120 17
 179 00aa 074B     		ldr	r3, .L5+4
 180 00ac 1B68     		ldr	r3, [r3]
 181 00ae DB6A     		ldr	r3, [r3, #44]
 182              		.loc 1 120 5
 183 00b0 1020     		movs	r0, #16
 184 00b2 9847     		blx	r3
 185              	.LVL4:
 121:Drivers/BSP/STM32F429I-Discovery/stm32f429i_discovery_gyroscope.c **** 
 122:Drivers/BSP/STM32F429I-Discovery/stm32f429i_discovery_gyroscope.c ****     ret = GYRO_OK;
 186              		.loc 1 122 9
 187 00b4 0023     		movs	r3, #0
 188 00b6 FB73     		strb	r3, [r7, #15]
 189              	.L3:
 123:Drivers/BSP/STM32F429I-Discovery/stm32f429i_discovery_gyroscope.c ****   }
 124:Drivers/BSP/STM32F429I-Discovery/stm32f429i_discovery_gyroscope.c **** #if defined(USE_STM32F429I_DISCOVERY_REVD)
 125:Drivers/BSP/STM32F429I-Discovery/stm32f429i_discovery_gyroscope.c ****   else if (I3g4250Drv.ReadID() == I_AM_I3G4250D)
 126:Drivers/BSP/STM32F429I-Discovery/stm32f429i_discovery_gyroscope.c ****   {
 127:Drivers/BSP/STM32F429I-Discovery/stm32f429i_discovery_gyroscope.c ****     /* Initialize the gyroscope driver structure */
 128:Drivers/BSP/STM32F429I-Discovery/stm32f429i_discovery_gyroscope.c ****     GyroscopeDrv = &I3g4250Drv;
 129:Drivers/BSP/STM32F429I-Discovery/stm32f429i_discovery_gyroscope.c **** 
 130:Drivers/BSP/STM32F429I-Discovery/stm32f429i_discovery_gyroscope.c ****     /* Configure Mems : data rate, power mode, full scale and axes */
 131:Drivers/BSP/STM32F429I-Discovery/stm32f429i_discovery_gyroscope.c ****     Gyro_InitStructure.Power_Mode       = I3G4250D_MODE_ACTIVE;
 132:Drivers/BSP/STM32F429I-Discovery/stm32f429i_discovery_gyroscope.c ****     Gyro_InitStructure.Output_DataRate  = I3G4250D_OUTPUT_DATARATE_1;
 133:Drivers/BSP/STM32F429I-Discovery/stm32f429i_discovery_gyroscope.c ****     Gyro_InitStructure.Axes_Enable      = I3G4250D_AXES_ENABLE;
 134:Drivers/BSP/STM32F429I-Discovery/stm32f429i_discovery_gyroscope.c ****     Gyro_InitStructure.Band_Width       = I3G4250D_BANDWIDTH_4;
 135:Drivers/BSP/STM32F429I-Discovery/stm32f429i_discovery_gyroscope.c ****     Gyro_InitStructure.BlockData_Update = I3G4250D_BlockDataUpdate_Continous;
 136:Drivers/BSP/STM32F429I-Discovery/stm32f429i_discovery_gyroscope.c ****     Gyro_InitStructure.Endianness       = I3G4250D_BLE_LSB;
 137:Drivers/BSP/STM32F429I-Discovery/stm32f429i_discovery_gyroscope.c ****     Gyro_InitStructure.Full_Scale       = I3G4250D_FULLSCALE_500;
 138:Drivers/BSP/STM32F429I-Discovery/stm32f429i_discovery_gyroscope.c **** 
 139:Drivers/BSP/STM32F429I-Discovery/stm32f429i_discovery_gyroscope.c ****     /* Configure MEMS: data rate, power mode, full scale and axes */
 140:Drivers/BSP/STM32F429I-Discovery/stm32f429i_discovery_gyroscope.c ****     ctrl = (uint16_t)(Gyro_InitStructure.Power_Mode  | Gyro_InitStructure.Output_DataRate | \
 141:Drivers/BSP/STM32F429I-Discovery/stm32f429i_discovery_gyroscope.c ****                       Gyro_InitStructure.Axes_Enable | Gyro_InitStructure.Band_Width);
 142:Drivers/BSP/STM32F429I-Discovery/stm32f429i_discovery_gyroscope.c **** 
 143:Drivers/BSP/STM32F429I-Discovery/stm32f429i_discovery_gyroscope.c ****     ctrl |= (uint16_t)((Gyro_InitStructure.BlockData_Update | Gyro_InitStructure.Endianness | \
 144:Drivers/BSP/STM32F429I-Discovery/stm32f429i_discovery_gyroscope.c ****                         Gyro_InitStructure.Full_Scale) << 8);
 145:Drivers/BSP/STM32F429I-Discovery/stm32f429i_discovery_gyroscope.c **** 
 146:Drivers/BSP/STM32F429I-Discovery/stm32f429i_discovery_gyroscope.c ****     /* Initialize the gyroscope */
 147:Drivers/BSP/STM32F429I-Discovery/stm32f429i_discovery_gyroscope.c ****     GyroscopeDrv->Init(ctrl);
 148:Drivers/BSP/STM32F429I-Discovery/stm32f429i_discovery_gyroscope.c **** 
 149:Drivers/BSP/STM32F429I-Discovery/stm32f429i_discovery_gyroscope.c ****     Gyro_FilterStructure.HighPassFilter_Mode_Selection   = I3G4250D_HPM_NORMAL_MODE_RES;
ARM GAS  /var/folders/06/9k7gq4t13mj84z2yhw3grvhc0000gn/T//ccKNtOyc.s 			page 7


 150:Drivers/BSP/STM32F429I-Discovery/stm32f429i_discovery_gyroscope.c ****     Gyro_FilterStructure.HighPassFilter_CutOff_Frequency = I3G4250D_HPFCF_0;
 151:Drivers/BSP/STM32F429I-Discovery/stm32f429i_discovery_gyroscope.c **** 
 152:Drivers/BSP/STM32F429I-Discovery/stm32f429i_discovery_gyroscope.c ****     ctrl = (uint8_t)((Gyro_FilterStructure.HighPassFilter_Mode_Selection | \
 153:Drivers/BSP/STM32F429I-Discovery/stm32f429i_discovery_gyroscope.c ****                       Gyro_FilterStructure.HighPassFilter_CutOff_Frequency));
 154:Drivers/BSP/STM32F429I-Discovery/stm32f429i_discovery_gyroscope.c **** 
 155:Drivers/BSP/STM32F429I-Discovery/stm32f429i_discovery_gyroscope.c ****     /* Configure the gyroscope main parameters */
 156:Drivers/BSP/STM32F429I-Discovery/stm32f429i_discovery_gyroscope.c ****     GyroscopeDrv->FilterConfig(ctrl);
 157:Drivers/BSP/STM32F429I-Discovery/stm32f429i_discovery_gyroscope.c **** 
 158:Drivers/BSP/STM32F429I-Discovery/stm32f429i_discovery_gyroscope.c ****     GyroscopeDrv->FilterCmd(I3G4250D_HIGHPASSFILTER_ENABLE);
 159:Drivers/BSP/STM32F429I-Discovery/stm32f429i_discovery_gyroscope.c **** 
 160:Drivers/BSP/STM32F429I-Discovery/stm32f429i_discovery_gyroscope.c ****     ret = GYRO_OK;
 161:Drivers/BSP/STM32F429I-Discovery/stm32f429i_discovery_gyroscope.c ****   }
 162:Drivers/BSP/STM32F429I-Discovery/stm32f429i_discovery_gyroscope.c **** #endif /* USE_STM32F429I_DISCOVERY_REVD */
 163:Drivers/BSP/STM32F429I-Discovery/stm32f429i_discovery_gyroscope.c ****   return ret;
 190              		.loc 1 163 10
 191 00b8 FB7B     		ldrb	r3, [r7, #15]	@ zero_extendqisi2
 164:Drivers/BSP/STM32F429I-Discovery/stm32f429i_discovery_gyroscope.c **** }
 192              		.loc 1 164 1
 193 00ba 1846     		mov	r0, r3
 194 00bc 1037     		adds	r7, r7, #16
 195              	.LCFI3:
 196              		.cfi_def_cfa_offset 8
 197 00be BD46     		mov	sp, r7
 198              	.LCFI4:
 199              		.cfi_def_cfa_register 13
 200              		@ sp needed
 201 00c0 80BD     		pop	{r7, pc}
 202              	.L6:
 203 00c2 00BF     		.align	2
 204              	.L5:
 205 00c4 00000000 		.word	L3gd20Drv
 206 00c8 00000000 		.word	GyroscopeDrv
 207              		.cfi_endproc
 208              	.LFE134:
 210              		.section	.text.BSP_GYRO_ReadID,"ax",%progbits
 211              		.align	1
 212              		.global	BSP_GYRO_ReadID
 213              		.syntax unified
 214              		.thumb
 215              		.thumb_func
 217              	BSP_GYRO_ReadID:
 218              	.LFB135:
 165:Drivers/BSP/STM32F429I-Discovery/stm32f429i_discovery_gyroscope.c **** 
 166:Drivers/BSP/STM32F429I-Discovery/stm32f429i_discovery_gyroscope.c **** /**
 167:Drivers/BSP/STM32F429I-Discovery/stm32f429i_discovery_gyroscope.c ****   * @brief  Read ID of gyroscope component.
 168:Drivers/BSP/STM32F429I-Discovery/stm32f429i_discovery_gyroscope.c ****   * @retval ID
 169:Drivers/BSP/STM32F429I-Discovery/stm32f429i_discovery_gyroscope.c ****   */
 170:Drivers/BSP/STM32F429I-Discovery/stm32f429i_discovery_gyroscope.c **** uint8_t BSP_GYRO_ReadID(void)
 171:Drivers/BSP/STM32F429I-Discovery/stm32f429i_discovery_gyroscope.c **** {
 219              		.loc 1 171 1
 220              		.cfi_startproc
 221              		@ args = 0, pretend = 0, frame = 8
 222              		@ frame_needed = 1, uses_anonymous_args = 0
 223 0000 80B5     		push	{r7, lr}
 224              	.LCFI5:
 225              		.cfi_def_cfa_offset 8
 226              		.cfi_offset 7, -8
ARM GAS  /var/folders/06/9k7gq4t13mj84z2yhw3grvhc0000gn/T//ccKNtOyc.s 			page 8


 227              		.cfi_offset 14, -4
 228 0002 82B0     		sub	sp, sp, #8
 229              	.LCFI6:
 230              		.cfi_def_cfa_offset 16
 231 0004 00AF     		add	r7, sp, #0
 232              	.LCFI7:
 233              		.cfi_def_cfa_register 7
 172:Drivers/BSP/STM32F429I-Discovery/stm32f429i_discovery_gyroscope.c ****   uint8_t id = 0x00;
 234              		.loc 1 172 11
 235 0006 0023     		movs	r3, #0
 236 0008 FB71     		strb	r3, [r7, #7]
 173:Drivers/BSP/STM32F429I-Discovery/stm32f429i_discovery_gyroscope.c **** 
 174:Drivers/BSP/STM32F429I-Discovery/stm32f429i_discovery_gyroscope.c ****   if (GyroscopeDrv->ReadID != NULL)
 237              		.loc 1 174 19
 238 000a 084B     		ldr	r3, .L10
 239 000c 1B68     		ldr	r3, [r3]
 240 000e 9B68     		ldr	r3, [r3, #8]
 241              		.loc 1 174 6
 242 0010 002B     		cmp	r3, #0
 243 0012 05D0     		beq	.L8
 175:Drivers/BSP/STM32F429I-Discovery/stm32f429i_discovery_gyroscope.c ****   {
 176:Drivers/BSP/STM32F429I-Discovery/stm32f429i_discovery_gyroscope.c ****     id = GyroscopeDrv->ReadID();
 244              		.loc 1 176 22
 245 0014 054B     		ldr	r3, .L10
 246 0016 1B68     		ldr	r3, [r3]
 247 0018 9B68     		ldr	r3, [r3, #8]
 248              		.loc 1 176 10
 249 001a 9847     		blx	r3
 250              	.LVL5:
 251 001c 0346     		mov	r3, r0
 252 001e FB71     		strb	r3, [r7, #7]
 253              	.L8:
 177:Drivers/BSP/STM32F429I-Discovery/stm32f429i_discovery_gyroscope.c ****   }
 178:Drivers/BSP/STM32F429I-Discovery/stm32f429i_discovery_gyroscope.c ****   return id;
 254              		.loc 1 178 10
 255 0020 FB79     		ldrb	r3, [r7, #7]	@ zero_extendqisi2
 179:Drivers/BSP/STM32F429I-Discovery/stm32f429i_discovery_gyroscope.c **** }
 256              		.loc 1 179 1
 257 0022 1846     		mov	r0, r3
 258 0024 0837     		adds	r7, r7, #8
 259              	.LCFI8:
 260              		.cfi_def_cfa_offset 8
 261 0026 BD46     		mov	sp, r7
 262              	.LCFI9:
 263              		.cfi_def_cfa_register 13
 264              		@ sp needed
 265 0028 80BD     		pop	{r7, pc}
 266              	.L11:
 267 002a 00BF     		.align	2
 268              	.L10:
 269 002c 00000000 		.word	GyroscopeDrv
 270              		.cfi_endproc
 271              	.LFE135:
 273              		.section	.text.BSP_GYRO_Reset,"ax",%progbits
 274              		.align	1
 275              		.global	BSP_GYRO_Reset
 276              		.syntax unified
ARM GAS  /var/folders/06/9k7gq4t13mj84z2yhw3grvhc0000gn/T//ccKNtOyc.s 			page 9


 277              		.thumb
 278              		.thumb_func
 280              	BSP_GYRO_Reset:
 281              	.LFB136:
 180:Drivers/BSP/STM32F429I-Discovery/stm32f429i_discovery_gyroscope.c **** 
 181:Drivers/BSP/STM32F429I-Discovery/stm32f429i_discovery_gyroscope.c **** /**
 182:Drivers/BSP/STM32F429I-Discovery/stm32f429i_discovery_gyroscope.c ****   * @brief  Reboot memory content of Gyroscope.
 183:Drivers/BSP/STM32F429I-Discovery/stm32f429i_discovery_gyroscope.c ****   */
 184:Drivers/BSP/STM32F429I-Discovery/stm32f429i_discovery_gyroscope.c **** void BSP_GYRO_Reset(void)
 185:Drivers/BSP/STM32F429I-Discovery/stm32f429i_discovery_gyroscope.c **** {
 282              		.loc 1 185 1
 283              		.cfi_startproc
 284              		@ args = 0, pretend = 0, frame = 0
 285              		@ frame_needed = 1, uses_anonymous_args = 0
 286 0000 80B5     		push	{r7, lr}
 287              	.LCFI10:
 288              		.cfi_def_cfa_offset 8
 289              		.cfi_offset 7, -8
 290              		.cfi_offset 14, -4
 291 0002 00AF     		add	r7, sp, #0
 292              	.LCFI11:
 293              		.cfi_def_cfa_register 7
 186:Drivers/BSP/STM32F429I-Discovery/stm32f429i_discovery_gyroscope.c ****   if (GyroscopeDrv->Reset != NULL)
 294              		.loc 1 186 19
 295 0004 054B     		ldr	r3, .L15
 296 0006 1B68     		ldr	r3, [r3]
 297 0008 DB68     		ldr	r3, [r3, #12]
 298              		.loc 1 186 6
 299 000a 002B     		cmp	r3, #0
 300 000c 03D0     		beq	.L14
 187:Drivers/BSP/STM32F429I-Discovery/stm32f429i_discovery_gyroscope.c ****   {
 188:Drivers/BSP/STM32F429I-Discovery/stm32f429i_discovery_gyroscope.c ****     GyroscopeDrv->Reset();
 301              		.loc 1 188 17
 302 000e 034B     		ldr	r3, .L15
 303 0010 1B68     		ldr	r3, [r3]
 304 0012 DB68     		ldr	r3, [r3, #12]
 305              		.loc 1 188 5
 306 0014 9847     		blx	r3
 307              	.LVL6:
 308              	.L14:
 189:Drivers/BSP/STM32F429I-Discovery/stm32f429i_discovery_gyroscope.c ****   }
 190:Drivers/BSP/STM32F429I-Discovery/stm32f429i_discovery_gyroscope.c **** }
 309              		.loc 1 190 1
 310 0016 00BF     		nop
 311 0018 80BD     		pop	{r7, pc}
 312              	.L16:
 313 001a 00BF     		.align	2
 314              	.L15:
 315 001c 00000000 		.word	GyroscopeDrv
 316              		.cfi_endproc
 317              	.LFE136:
 319              		.section	.text.BSP_GYRO_ITConfig,"ax",%progbits
 320              		.align	1
 321              		.global	BSP_GYRO_ITConfig
 322              		.syntax unified
 323              		.thumb
 324              		.thumb_func
ARM GAS  /var/folders/06/9k7gq4t13mj84z2yhw3grvhc0000gn/T//ccKNtOyc.s 			page 10


 326              	BSP_GYRO_ITConfig:
 327              	.LFB137:
 191:Drivers/BSP/STM32F429I-Discovery/stm32f429i_discovery_gyroscope.c **** 
 192:Drivers/BSP/STM32F429I-Discovery/stm32f429i_discovery_gyroscope.c **** /**
 193:Drivers/BSP/STM32F429I-Discovery/stm32f429i_discovery_gyroscope.c ****   * @brief  Configures INT1 interrupt.
 194:Drivers/BSP/STM32F429I-Discovery/stm32f429i_discovery_gyroscope.c ****   * @param  pIntConfig: pointer to a L3GD20_InterruptConfig_TypeDef
 195:Drivers/BSP/STM32F429I-Discovery/stm32f429i_discovery_gyroscope.c ****   *         structure that contains the configuration setting for the L3GD20 Interrupt.
 196:Drivers/BSP/STM32F429I-Discovery/stm32f429i_discovery_gyroscope.c ****   */
 197:Drivers/BSP/STM32F429I-Discovery/stm32f429i_discovery_gyroscope.c **** void BSP_GYRO_ITConfig(GYRO_InterruptConfigTypeDef *pIntConfig)
 198:Drivers/BSP/STM32F429I-Discovery/stm32f429i_discovery_gyroscope.c **** {
 328              		.loc 1 198 1
 329              		.cfi_startproc
 330              		@ args = 0, pretend = 0, frame = 16
 331              		@ frame_needed = 1, uses_anonymous_args = 0
 332 0000 80B5     		push	{r7, lr}
 333              	.LCFI12:
 334              		.cfi_def_cfa_offset 8
 335              		.cfi_offset 7, -8
 336              		.cfi_offset 14, -4
 337 0002 84B0     		sub	sp, sp, #16
 338              	.LCFI13:
 339              		.cfi_def_cfa_offset 24
 340 0004 00AF     		add	r7, sp, #0
 341              	.LCFI14:
 342              		.cfi_def_cfa_register 7
 343 0006 7860     		str	r0, [r7, #4]
 199:Drivers/BSP/STM32F429I-Discovery/stm32f429i_discovery_gyroscope.c ****   uint16_t interruptconfig = 0x0000;
 344              		.loc 1 199 12
 345 0008 0023     		movs	r3, #0
 346 000a FB81     		strh	r3, [r7, #14]	@ movhi
 200:Drivers/BSP/STM32F429I-Discovery/stm32f429i_discovery_gyroscope.c **** 
 201:Drivers/BSP/STM32F429I-Discovery/stm32f429i_discovery_gyroscope.c ****   if (GyroscopeDrv->ConfigIT != NULL)
 347              		.loc 1 201 19
 348 000c 114B     		ldr	r3, .L20
 349 000e 1B68     		ldr	r3, [r3]
 350 0010 5B69     		ldr	r3, [r3, #20]
 351              		.loc 1 201 6
 352 0012 002B     		cmp	r3, #0
 353 0014 19D0     		beq	.L19
 202:Drivers/BSP/STM32F429I-Discovery/stm32f429i_discovery_gyroscope.c ****   {
 203:Drivers/BSP/STM32F429I-Discovery/stm32f429i_discovery_gyroscope.c ****     /* Configure latch Interrupt request and axe interrupts */
 204:Drivers/BSP/STM32F429I-Discovery/stm32f429i_discovery_gyroscope.c ****     interruptconfig |= ((uint8_t)(pIntConfig->Latch_Request | \
 354              		.loc 1 204 45
 355 0016 7B68     		ldr	r3, [r7, #4]
 356 0018 1A78     		ldrb	r2, [r3]	@ zero_extendqisi2
 205:Drivers/BSP/STM32F429I-Discovery/stm32f429i_discovery_gyroscope.c ****                                   pIntConfig->Interrupt_Axes) << 8);
 357              		.loc 1 205 45
 358 001a 7B68     		ldr	r3, [r7, #4]
 359 001c 5B78     		ldrb	r3, [r3, #1]	@ zero_extendqisi2
 204:Drivers/BSP/STM32F429I-Discovery/stm32f429i_discovery_gyroscope.c ****                                   pIntConfig->Interrupt_Axes) << 8);
 360              		.loc 1 204 25
 361 001e 1343     		orrs	r3, r3, r2
 362 0020 DBB2     		uxtb	r3, r3
 204:Drivers/BSP/STM32F429I-Discovery/stm32f429i_discovery_gyroscope.c ****                                   pIntConfig->Interrupt_Axes) << 8);
 363              		.loc 1 204 21
 364 0022 1BB2     		sxth	r3, r3
 365 0024 1B02     		lsls	r3, r3, #8
ARM GAS  /var/folders/06/9k7gq4t13mj84z2yhw3grvhc0000gn/T//ccKNtOyc.s 			page 11


 366 0026 1AB2     		sxth	r2, r3
 367 0028 B7F90E30 		ldrsh	r3, [r7, #14]
 368 002c 1343     		orrs	r3, r3, r2
 369 002e 1BB2     		sxth	r3, r3
 370 0030 FB81     		strh	r3, [r7, #14]	@ movhi
 206:Drivers/BSP/STM32F429I-Discovery/stm32f429i_discovery_gyroscope.c **** 
 207:Drivers/BSP/STM32F429I-Discovery/stm32f429i_discovery_gyroscope.c ****     interruptconfig |= (uint8_t)(pIntConfig->Interrupt_ActiveEdge);
 371              		.loc 1 207 44
 372 0032 7B68     		ldr	r3, [r7, #4]
 373 0034 9B78     		ldrb	r3, [r3, #2]	@ zero_extendqisi2
 374 0036 1A46     		mov	r2, r3
 375              		.loc 1 207 21
 376 0038 FB89     		ldrh	r3, [r7, #14]	@ movhi
 377 003a 1343     		orrs	r3, r3, r2
 378 003c FB81     		strh	r3, [r7, #14]	@ movhi
 208:Drivers/BSP/STM32F429I-Discovery/stm32f429i_discovery_gyroscope.c **** 
 209:Drivers/BSP/STM32F429I-Discovery/stm32f429i_discovery_gyroscope.c ****     GyroscopeDrv->ConfigIT(interruptconfig);
 379              		.loc 1 209 17
 380 003e 054B     		ldr	r3, .L20
 381 0040 1B68     		ldr	r3, [r3]
 382 0042 5B69     		ldr	r3, [r3, #20]
 383              		.loc 1 209 5
 384 0044 FA89     		ldrh	r2, [r7, #14]
 385 0046 1046     		mov	r0, r2
 386 0048 9847     		blx	r3
 387              	.LVL7:
 388              	.L19:
 210:Drivers/BSP/STM32F429I-Discovery/stm32f429i_discovery_gyroscope.c ****   }
 211:Drivers/BSP/STM32F429I-Discovery/stm32f429i_discovery_gyroscope.c **** }
 389              		.loc 1 211 1
 390 004a 00BF     		nop
 391 004c 1037     		adds	r7, r7, #16
 392              	.LCFI15:
 393              		.cfi_def_cfa_offset 8
 394 004e BD46     		mov	sp, r7
 395              	.LCFI16:
 396              		.cfi_def_cfa_register 13
 397              		@ sp needed
 398 0050 80BD     		pop	{r7, pc}
 399              	.L21:
 400 0052 00BF     		.align	2
 401              	.L20:
 402 0054 00000000 		.word	GyroscopeDrv
 403              		.cfi_endproc
 404              	.LFE137:
 406              		.section	.text.BSP_GYRO_EnableIT,"ax",%progbits
 407              		.align	1
 408              		.global	BSP_GYRO_EnableIT
 409              		.syntax unified
 410              		.thumb
 411              		.thumb_func
 413              	BSP_GYRO_EnableIT:
 414              	.LFB138:
 212:Drivers/BSP/STM32F429I-Discovery/stm32f429i_discovery_gyroscope.c **** 
 213:Drivers/BSP/STM32F429I-Discovery/stm32f429i_discovery_gyroscope.c **** /**
 214:Drivers/BSP/STM32F429I-Discovery/stm32f429i_discovery_gyroscope.c ****   * @brief  Enables INT1 or INT2 interrupt.
 215:Drivers/BSP/STM32F429I-Discovery/stm32f429i_discovery_gyroscope.c ****   * @param  IntPin: Interrupt pin
ARM GAS  /var/folders/06/9k7gq4t13mj84z2yhw3grvhc0000gn/T//ccKNtOyc.s 			page 12


 216:Drivers/BSP/STM32F429I-Discovery/stm32f429i_discovery_gyroscope.c ****   *      This parameter can be:
 217:Drivers/BSP/STM32F429I-Discovery/stm32f429i_discovery_gyroscope.c ****   *        @arg L3GD20_INT1
 218:Drivers/BSP/STM32F429I-Discovery/stm32f429i_discovery_gyroscope.c ****   *        @arg L3GD20_INT2
 219:Drivers/BSP/STM32F429I-Discovery/stm32f429i_discovery_gyroscope.c ****   *        @arg I3G4250D_INT1
 220:Drivers/BSP/STM32F429I-Discovery/stm32f429i_discovery_gyroscope.c ****   *        @arg I3G4250D_INT2
 221:Drivers/BSP/STM32F429I-Discovery/stm32f429i_discovery_gyroscope.c ****   */
 222:Drivers/BSP/STM32F429I-Discovery/stm32f429i_discovery_gyroscope.c **** void BSP_GYRO_EnableIT(uint8_t IntPin)
 223:Drivers/BSP/STM32F429I-Discovery/stm32f429i_discovery_gyroscope.c **** {
 415              		.loc 1 223 1
 416              		.cfi_startproc
 417              		@ args = 0, pretend = 0, frame = 8
 418              		@ frame_needed = 1, uses_anonymous_args = 0
 419 0000 80B5     		push	{r7, lr}
 420              	.LCFI17:
 421              		.cfi_def_cfa_offset 8
 422              		.cfi_offset 7, -8
 423              		.cfi_offset 14, -4
 424 0002 82B0     		sub	sp, sp, #8
 425              	.LCFI18:
 426              		.cfi_def_cfa_offset 16
 427 0004 00AF     		add	r7, sp, #0
 428              	.LCFI19:
 429              		.cfi_def_cfa_register 7
 430 0006 0346     		mov	r3, r0
 431 0008 FB71     		strb	r3, [r7, #7]
 224:Drivers/BSP/STM32F429I-Discovery/stm32f429i_discovery_gyroscope.c ****   if (GyroscopeDrv->EnableIT != NULL)
 432              		.loc 1 224 19
 433 000a 074B     		ldr	r3, .L25
 434 000c 1B68     		ldr	r3, [r3]
 435 000e 9B69     		ldr	r3, [r3, #24]
 436              		.loc 1 224 6
 437 0010 002B     		cmp	r3, #0
 438 0012 05D0     		beq	.L24
 225:Drivers/BSP/STM32F429I-Discovery/stm32f429i_discovery_gyroscope.c ****   {
 226:Drivers/BSP/STM32F429I-Discovery/stm32f429i_discovery_gyroscope.c ****     GyroscopeDrv->EnableIT(IntPin);
 439              		.loc 1 226 17
 440 0014 044B     		ldr	r3, .L25
 441 0016 1B68     		ldr	r3, [r3]
 442 0018 9B69     		ldr	r3, [r3, #24]
 443              		.loc 1 226 5
 444 001a FA79     		ldrb	r2, [r7, #7]	@ zero_extendqisi2
 445 001c 1046     		mov	r0, r2
 446 001e 9847     		blx	r3
 447              	.LVL8:
 448              	.L24:
 227:Drivers/BSP/STM32F429I-Discovery/stm32f429i_discovery_gyroscope.c ****   }
 228:Drivers/BSP/STM32F429I-Discovery/stm32f429i_discovery_gyroscope.c **** }
 449              		.loc 1 228 1
 450 0020 00BF     		nop
 451 0022 0837     		adds	r7, r7, #8
 452              	.LCFI20:
 453              		.cfi_def_cfa_offset 8
 454 0024 BD46     		mov	sp, r7
 455              	.LCFI21:
 456              		.cfi_def_cfa_register 13
 457              		@ sp needed
 458 0026 80BD     		pop	{r7, pc}
ARM GAS  /var/folders/06/9k7gq4t13mj84z2yhw3grvhc0000gn/T//ccKNtOyc.s 			page 13


 459              	.L26:
 460              		.align	2
 461              	.L25:
 462 0028 00000000 		.word	GyroscopeDrv
 463              		.cfi_endproc
 464              	.LFE138:
 466              		.section	.text.BSP_GYRO_DisableIT,"ax",%progbits
 467              		.align	1
 468              		.global	BSP_GYRO_DisableIT
 469              		.syntax unified
 470              		.thumb
 471              		.thumb_func
 473              	BSP_GYRO_DisableIT:
 474              	.LFB139:
 229:Drivers/BSP/STM32F429I-Discovery/stm32f429i_discovery_gyroscope.c **** 
 230:Drivers/BSP/STM32F429I-Discovery/stm32f429i_discovery_gyroscope.c **** /**
 231:Drivers/BSP/STM32F429I-Discovery/stm32f429i_discovery_gyroscope.c ****   * @brief  Disables INT1 or INT2 interrupt.
 232:Drivers/BSP/STM32F429I-Discovery/stm32f429i_discovery_gyroscope.c ****   * @param  IntPin: Interrupt pin
 233:Drivers/BSP/STM32F429I-Discovery/stm32f429i_discovery_gyroscope.c ****   *      This parameter can be:
 234:Drivers/BSP/STM32F429I-Discovery/stm32f429i_discovery_gyroscope.c ****   *        @arg L3GD20_INT1
 235:Drivers/BSP/STM32F429I-Discovery/stm32f429i_discovery_gyroscope.c ****   *        @arg L3GD20_INT2
 236:Drivers/BSP/STM32F429I-Discovery/stm32f429i_discovery_gyroscope.c ****   *        @arg I3G4250D_INT1
 237:Drivers/BSP/STM32F429I-Discovery/stm32f429i_discovery_gyroscope.c ****   *        @arg I3G4250D_INT2
 238:Drivers/BSP/STM32F429I-Discovery/stm32f429i_discovery_gyroscope.c ****   */
 239:Drivers/BSP/STM32F429I-Discovery/stm32f429i_discovery_gyroscope.c **** void BSP_GYRO_DisableIT(uint8_t IntPin)
 240:Drivers/BSP/STM32F429I-Discovery/stm32f429i_discovery_gyroscope.c **** {
 475              		.loc 1 240 1
 476              		.cfi_startproc
 477              		@ args = 0, pretend = 0, frame = 8
 478              		@ frame_needed = 1, uses_anonymous_args = 0
 479 0000 80B5     		push	{r7, lr}
 480              	.LCFI22:
 481              		.cfi_def_cfa_offset 8
 482              		.cfi_offset 7, -8
 483              		.cfi_offset 14, -4
 484 0002 82B0     		sub	sp, sp, #8
 485              	.LCFI23:
 486              		.cfi_def_cfa_offset 16
 487 0004 00AF     		add	r7, sp, #0
 488              	.LCFI24:
 489              		.cfi_def_cfa_register 7
 490 0006 0346     		mov	r3, r0
 491 0008 FB71     		strb	r3, [r7, #7]
 241:Drivers/BSP/STM32F429I-Discovery/stm32f429i_discovery_gyroscope.c ****   if (GyroscopeDrv->DisableIT != NULL)
 492              		.loc 1 241 19
 493 000a 074B     		ldr	r3, .L30
 494 000c 1B68     		ldr	r3, [r3]
 495 000e DB69     		ldr	r3, [r3, #28]
 496              		.loc 1 241 6
 497 0010 002B     		cmp	r3, #0
 498 0012 05D0     		beq	.L29
 242:Drivers/BSP/STM32F429I-Discovery/stm32f429i_discovery_gyroscope.c ****   {
 243:Drivers/BSP/STM32F429I-Discovery/stm32f429i_discovery_gyroscope.c ****     GyroscopeDrv->DisableIT(IntPin);
 499              		.loc 1 243 17
 500 0014 044B     		ldr	r3, .L30
 501 0016 1B68     		ldr	r3, [r3]
 502 0018 DB69     		ldr	r3, [r3, #28]
ARM GAS  /var/folders/06/9k7gq4t13mj84z2yhw3grvhc0000gn/T//ccKNtOyc.s 			page 14


 503              		.loc 1 243 5
 504 001a FA79     		ldrb	r2, [r7, #7]	@ zero_extendqisi2
 505 001c 1046     		mov	r0, r2
 506 001e 9847     		blx	r3
 507              	.LVL9:
 508              	.L29:
 244:Drivers/BSP/STM32F429I-Discovery/stm32f429i_discovery_gyroscope.c ****   }
 245:Drivers/BSP/STM32F429I-Discovery/stm32f429i_discovery_gyroscope.c **** }
 509              		.loc 1 245 1
 510 0020 00BF     		nop
 511 0022 0837     		adds	r7, r7, #8
 512              	.LCFI25:
 513              		.cfi_def_cfa_offset 8
 514 0024 BD46     		mov	sp, r7
 515              	.LCFI26:
 516              		.cfi_def_cfa_register 13
 517              		@ sp needed
 518 0026 80BD     		pop	{r7, pc}
 519              	.L31:
 520              		.align	2
 521              	.L30:
 522 0028 00000000 		.word	GyroscopeDrv
 523              		.cfi_endproc
 524              	.LFE139:
 526              		.section	.text.BSP_GYRO_GetXYZ,"ax",%progbits
 527              		.align	1
 528              		.global	BSP_GYRO_GetXYZ
 529              		.syntax unified
 530              		.thumb
 531              		.thumb_func
 533              	BSP_GYRO_GetXYZ:
 534              	.LFB140:
 246:Drivers/BSP/STM32F429I-Discovery/stm32f429i_discovery_gyroscope.c **** 
 247:Drivers/BSP/STM32F429I-Discovery/stm32f429i_discovery_gyroscope.c **** /**
 248:Drivers/BSP/STM32F429I-Discovery/stm32f429i_discovery_gyroscope.c ****   * @brief  Get XYZ angular acceleration.
 249:Drivers/BSP/STM32F429I-Discovery/stm32f429i_discovery_gyroscope.c ****   * @param  pfData: pointer on floating array
 250:Drivers/BSP/STM32F429I-Discovery/stm32f429i_discovery_gyroscope.c ****   */
 251:Drivers/BSP/STM32F429I-Discovery/stm32f429i_discovery_gyroscope.c **** void BSP_GYRO_GetXYZ(float *pfData)
 252:Drivers/BSP/STM32F429I-Discovery/stm32f429i_discovery_gyroscope.c **** {
 535              		.loc 1 252 1
 536              		.cfi_startproc
 537              		@ args = 0, pretend = 0, frame = 8
 538              		@ frame_needed = 1, uses_anonymous_args = 0
 539 0000 80B5     		push	{r7, lr}
 540              	.LCFI27:
 541              		.cfi_def_cfa_offset 8
 542              		.cfi_offset 7, -8
 543              		.cfi_offset 14, -4
 544 0002 82B0     		sub	sp, sp, #8
 545              	.LCFI28:
 546              		.cfi_def_cfa_offset 16
 547 0004 00AF     		add	r7, sp, #0
 548              	.LCFI29:
 549              		.cfi_def_cfa_register 7
 550 0006 7860     		str	r0, [r7, #4]
 253:Drivers/BSP/STM32F429I-Discovery/stm32f429i_discovery_gyroscope.c ****   if (GyroscopeDrv->GetXYZ != NULL)
 551              		.loc 1 253 19
ARM GAS  /var/folders/06/9k7gq4t13mj84z2yhw3grvhc0000gn/T//ccKNtOyc.s 			page 15


 552 0008 064B     		ldr	r3, .L35
 553 000a 1B68     		ldr	r3, [r3]
 554 000c 1B6B     		ldr	r3, [r3, #48]
 555              		.loc 1 253 6
 556 000e 002B     		cmp	r3, #0
 557 0010 04D0     		beq	.L34
 254:Drivers/BSP/STM32F429I-Discovery/stm32f429i_discovery_gyroscope.c ****   {
 255:Drivers/BSP/STM32F429I-Discovery/stm32f429i_discovery_gyroscope.c ****     GyroscopeDrv->GetXYZ(pfData);
 558              		.loc 1 255 17
 559 0012 044B     		ldr	r3, .L35
 560 0014 1B68     		ldr	r3, [r3]
 561 0016 1B6B     		ldr	r3, [r3, #48]
 562              		.loc 1 255 5
 563 0018 7868     		ldr	r0, [r7, #4]
 564 001a 9847     		blx	r3
 565              	.LVL10:
 566              	.L34:
 256:Drivers/BSP/STM32F429I-Discovery/stm32f429i_discovery_gyroscope.c ****   }
 257:Drivers/BSP/STM32F429I-Discovery/stm32f429i_discovery_gyroscope.c **** }
 567              		.loc 1 257 1
 568 001c 00BF     		nop
 569 001e 0837     		adds	r7, r7, #8
 570              	.LCFI30:
 571              		.cfi_def_cfa_offset 8
 572 0020 BD46     		mov	sp, r7
 573              	.LCFI31:
 574              		.cfi_def_cfa_register 13
 575              		@ sp needed
 576 0022 80BD     		pop	{r7, pc}
 577              	.L36:
 578              		.align	2
 579              	.L35:
 580 0024 00000000 		.word	GyroscopeDrv
 581              		.cfi_endproc
 582              	.LFE140:
 584              		.text
 585              	.Letext0:
 586              		.file 2 "/Applications/ArmGNUToolchain/13.2.Rel1/arm-none-eabi/arm-none-eabi/include/machine/_defa
 587              		.file 3 "/Applications/ArmGNUToolchain/13.2.Rel1/arm-none-eabi/arm-none-eabi/include/sys/_stdint.h
 588              		.file 4 "Drivers/BSP/STM32F429I-Discovery/../Components/l3gd20/../Common/gyro.h"
 589              		.file 5 "Drivers/BSP/STM32F429I-Discovery/../Components/l3gd20/l3gd20.h"
 590              		.file 6 "Drivers/BSP/STM32F429I-Discovery/stm32f429i_discovery_gyroscope.h"
ARM GAS  /var/folders/06/9k7gq4t13mj84z2yhw3grvhc0000gn/T//ccKNtOyc.s 			page 16


DEFINED SYMBOLS
                            *ABS*:00000000 stm32f429i_discovery_gyroscope.c
/var/folders/06/9k7gq4t13mj84z2yhw3grvhc0000gn/T//ccKNtOyc.s:21     .bss.GyroscopeDrv:00000000 $d
/var/folders/06/9k7gq4t13mj84z2yhw3grvhc0000gn/T//ccKNtOyc.s:24     .bss.GyroscopeDrv:00000000 GyroscopeDrv
/var/folders/06/9k7gq4t13mj84z2yhw3grvhc0000gn/T//ccKNtOyc.s:27     .text.BSP_GYRO_Init:00000000 $t
/var/folders/06/9k7gq4t13mj84z2yhw3grvhc0000gn/T//ccKNtOyc.s:33     .text.BSP_GYRO_Init:00000000 BSP_GYRO_Init
/var/folders/06/9k7gq4t13mj84z2yhw3grvhc0000gn/T//ccKNtOyc.s:205    .text.BSP_GYRO_Init:000000c4 $d
/var/folders/06/9k7gq4t13mj84z2yhw3grvhc0000gn/T//ccKNtOyc.s:211    .text.BSP_GYRO_ReadID:00000000 $t
/var/folders/06/9k7gq4t13mj84z2yhw3grvhc0000gn/T//ccKNtOyc.s:217    .text.BSP_GYRO_ReadID:00000000 BSP_GYRO_ReadID
/var/folders/06/9k7gq4t13mj84z2yhw3grvhc0000gn/T//ccKNtOyc.s:269    .text.BSP_GYRO_ReadID:0000002c $d
/var/folders/06/9k7gq4t13mj84z2yhw3grvhc0000gn/T//ccKNtOyc.s:274    .text.BSP_GYRO_Reset:00000000 $t
/var/folders/06/9k7gq4t13mj84z2yhw3grvhc0000gn/T//ccKNtOyc.s:280    .text.BSP_GYRO_Reset:00000000 BSP_GYRO_Reset
/var/folders/06/9k7gq4t13mj84z2yhw3grvhc0000gn/T//ccKNtOyc.s:315    .text.BSP_GYRO_Reset:0000001c $d
/var/folders/06/9k7gq4t13mj84z2yhw3grvhc0000gn/T//ccKNtOyc.s:320    .text.BSP_GYRO_ITConfig:00000000 $t
/var/folders/06/9k7gq4t13mj84z2yhw3grvhc0000gn/T//ccKNtOyc.s:326    .text.BSP_GYRO_ITConfig:00000000 BSP_GYRO_ITConfig
/var/folders/06/9k7gq4t13mj84z2yhw3grvhc0000gn/T//ccKNtOyc.s:402    .text.BSP_GYRO_ITConfig:00000054 $d
/var/folders/06/9k7gq4t13mj84z2yhw3grvhc0000gn/T//ccKNtOyc.s:407    .text.BSP_GYRO_EnableIT:00000000 $t
/var/folders/06/9k7gq4t13mj84z2yhw3grvhc0000gn/T//ccKNtOyc.s:413    .text.BSP_GYRO_EnableIT:00000000 BSP_GYRO_EnableIT
/var/folders/06/9k7gq4t13mj84z2yhw3grvhc0000gn/T//ccKNtOyc.s:462    .text.BSP_GYRO_EnableIT:00000028 $d
/var/folders/06/9k7gq4t13mj84z2yhw3grvhc0000gn/T//ccKNtOyc.s:467    .text.BSP_GYRO_DisableIT:00000000 $t
/var/folders/06/9k7gq4t13mj84z2yhw3grvhc0000gn/T//ccKNtOyc.s:473    .text.BSP_GYRO_DisableIT:00000000 BSP_GYRO_DisableIT
/var/folders/06/9k7gq4t13mj84z2yhw3grvhc0000gn/T//ccKNtOyc.s:522    .text.BSP_GYRO_DisableIT:00000028 $d
/var/folders/06/9k7gq4t13mj84z2yhw3grvhc0000gn/T//ccKNtOyc.s:527    .text.BSP_GYRO_GetXYZ:00000000 $t
/var/folders/06/9k7gq4t13mj84z2yhw3grvhc0000gn/T//ccKNtOyc.s:533    .text.BSP_GYRO_GetXYZ:00000000 BSP_GYRO_GetXYZ
/var/folders/06/9k7gq4t13mj84z2yhw3grvhc0000gn/T//ccKNtOyc.s:580    .text.BSP_GYRO_GetXYZ:00000024 $d

UNDEFINED SYMBOLS
L3gd20Drv
