ARM GAS  /var/folders/06/9k7gq4t13mj84z2yhw3grvhc0000gn/T//ccAuLjSt.s 			page 1


   1              		.cpu cortex-m4
   2              		.arch armv7e-m
   3              		.fpu fpv4-sp-d16
   4              		.eabi_attribute 27, 1
   5              		.eabi_attribute 28, 1
   6              		.eabi_attribute 20, 1
   7              		.eabi_attribute 21, 1
   8              		.eabi_attribute 23, 3
   9              		.eabi_attribute 24, 1
  10              		.eabi_attribute 25, 1
  11              		.eabi_attribute 26, 1
  12              		.eabi_attribute 30, 6
  13              		.eabi_attribute 34, 1
  14              		.eabi_attribute 18, 4
  15              		.file	"stm32f429i_discovery_io.c"
  16              		.text
  17              	.Ltext0:
  18              		.cfi_sections	.debug_frame
  19              		.file 1 "Drivers/BSP/STM32F429I-Discovery/stm32f429i_discovery_io.c"
  20              		.section	.bss.IoDrv,"aw",%nobits
  21              		.align	2
  24              	IoDrv:
  25 0000 00000000 		.space	4
  26              		.section	.text.BSP_IO_Init,"ax",%progbits
  27              		.align	1
  28              		.global	BSP_IO_Init
  29              		.syntax unified
  30              		.thumb
  31              		.thumb_func
  33              	BSP_IO_Init:
  34              	.LFB134:
   1:Drivers/BSP/STM32F429I-Discovery/stm32f429i_discovery_io.c **** /**
   2:Drivers/BSP/STM32F429I-Discovery/stm32f429i_discovery_io.c ****   ******************************************************************************
   3:Drivers/BSP/STM32F429I-Discovery/stm32f429i_discovery_io.c ****   * @file    stm32f429i_discovery_io.c
   4:Drivers/BSP/STM32F429I-Discovery/stm32f429i_discovery_io.c ****   * @author  MCD Application Team
   5:Drivers/BSP/STM32F429I-Discovery/stm32f429i_discovery_io.c ****   * @brief   This file provides a set of functions needed to manage the STMPE811
   6:Drivers/BSP/STM32F429I-Discovery/stm32f429i_discovery_io.c ****   *          IO Expander device mounted on STM32F429I-Discovery Kit.
   7:Drivers/BSP/STM32F429I-Discovery/stm32f429i_discovery_io.c ****   ******************************************************************************
   8:Drivers/BSP/STM32F429I-Discovery/stm32f429i_discovery_io.c ****   * @attention
   9:Drivers/BSP/STM32F429I-Discovery/stm32f429i_discovery_io.c ****   *
  10:Drivers/BSP/STM32F429I-Discovery/stm32f429i_discovery_io.c ****   * Copyright (c) 2017 STMicroelectronics.
  11:Drivers/BSP/STM32F429I-Discovery/stm32f429i_discovery_io.c ****   * All rights reserved.
  12:Drivers/BSP/STM32F429I-Discovery/stm32f429i_discovery_io.c ****   *
  13:Drivers/BSP/STM32F429I-Discovery/stm32f429i_discovery_io.c ****   * This software is licensed under terms that can be found in the LICENSE file
  14:Drivers/BSP/STM32F429I-Discovery/stm32f429i_discovery_io.c ****   * in the root directory of this software component.
  15:Drivers/BSP/STM32F429I-Discovery/stm32f429i_discovery_io.c ****   * If no LICENSE file comes with this software, it is provided AS-IS.
  16:Drivers/BSP/STM32F429I-Discovery/stm32f429i_discovery_io.c ****   *
  17:Drivers/BSP/STM32F429I-Discovery/stm32f429i_discovery_io.c ****   ******************************************************************************
  18:Drivers/BSP/STM32F429I-Discovery/stm32f429i_discovery_io.c ****   */
  19:Drivers/BSP/STM32F429I-Discovery/stm32f429i_discovery_io.c **** 
  20:Drivers/BSP/STM32F429I-Discovery/stm32f429i_discovery_io.c **** /* Includes ------------------------------------------------------------------*/
  21:Drivers/BSP/STM32F429I-Discovery/stm32f429i_discovery_io.c **** #include "stm32f429i_discovery_io.h"
  22:Drivers/BSP/STM32F429I-Discovery/stm32f429i_discovery_io.c **** 
  23:Drivers/BSP/STM32F429I-Discovery/stm32f429i_discovery_io.c **** /** @addtogroup BSP
  24:Drivers/BSP/STM32F429I-Discovery/stm32f429i_discovery_io.c ****   * @{
  25:Drivers/BSP/STM32F429I-Discovery/stm32f429i_discovery_io.c ****   */
  26:Drivers/BSP/STM32F429I-Discovery/stm32f429i_discovery_io.c **** 
ARM GAS  /var/folders/06/9k7gq4t13mj84z2yhw3grvhc0000gn/T//ccAuLjSt.s 			page 2


  27:Drivers/BSP/STM32F429I-Discovery/stm32f429i_discovery_io.c **** /** @addtogroup STM32F429I_DISCOVERY
  28:Drivers/BSP/STM32F429I-Discovery/stm32f429i_discovery_io.c ****   * @{
  29:Drivers/BSP/STM32F429I-Discovery/stm32f429i_discovery_io.c ****   */
  30:Drivers/BSP/STM32F429I-Discovery/stm32f429i_discovery_io.c **** 
  31:Drivers/BSP/STM32F429I-Discovery/stm32f429i_discovery_io.c **** /** @defgroup STM32F429I_DISCOVERY_IO STM32F429I DISCOVERY IO
  32:Drivers/BSP/STM32F429I-Discovery/stm32f429i_discovery_io.c ****   * @{
  33:Drivers/BSP/STM32F429I-Discovery/stm32f429i_discovery_io.c ****   */
  34:Drivers/BSP/STM32F429I-Discovery/stm32f429i_discovery_io.c **** 
  35:Drivers/BSP/STM32F429I-Discovery/stm32f429i_discovery_io.c **** /** @defgroup STM32F429I_DISCOVERY_IO_Private_Types_Definitions STM32F429I DISCOVERY IO Private Typ
  36:Drivers/BSP/STM32F429I-Discovery/stm32f429i_discovery_io.c ****   * @{
  37:Drivers/BSP/STM32F429I-Discovery/stm32f429i_discovery_io.c ****   */
  38:Drivers/BSP/STM32F429I-Discovery/stm32f429i_discovery_io.c **** /**
  39:Drivers/BSP/STM32F429I-Discovery/stm32f429i_discovery_io.c ****   * @}
  40:Drivers/BSP/STM32F429I-Discovery/stm32f429i_discovery_io.c ****   */
  41:Drivers/BSP/STM32F429I-Discovery/stm32f429i_discovery_io.c **** 
  42:Drivers/BSP/STM32F429I-Discovery/stm32f429i_discovery_io.c **** /** @defgroup STM32F429I_DISCOVERY_IO_Private_Defines STM32F429I DISCOVERY IO Private Defines
  43:Drivers/BSP/STM32F429I-Discovery/stm32f429i_discovery_io.c ****   * @{
  44:Drivers/BSP/STM32F429I-Discovery/stm32f429i_discovery_io.c ****   */
  45:Drivers/BSP/STM32F429I-Discovery/stm32f429i_discovery_io.c **** /**
  46:Drivers/BSP/STM32F429I-Discovery/stm32f429i_discovery_io.c ****   * @}
  47:Drivers/BSP/STM32F429I-Discovery/stm32f429i_discovery_io.c ****   */
  48:Drivers/BSP/STM32F429I-Discovery/stm32f429i_discovery_io.c **** 
  49:Drivers/BSP/STM32F429I-Discovery/stm32f429i_discovery_io.c **** /** @defgroup STM32F429I_DISCOVERY_IO_Private_Macros STM32F429I DISCOVERY IO Private Macros
  50:Drivers/BSP/STM32F429I-Discovery/stm32f429i_discovery_io.c ****   * @{
  51:Drivers/BSP/STM32F429I-Discovery/stm32f429i_discovery_io.c ****   */
  52:Drivers/BSP/STM32F429I-Discovery/stm32f429i_discovery_io.c **** /**
  53:Drivers/BSP/STM32F429I-Discovery/stm32f429i_discovery_io.c ****   * @}
  54:Drivers/BSP/STM32F429I-Discovery/stm32f429i_discovery_io.c ****   */
  55:Drivers/BSP/STM32F429I-Discovery/stm32f429i_discovery_io.c **** 
  56:Drivers/BSP/STM32F429I-Discovery/stm32f429i_discovery_io.c **** 
  57:Drivers/BSP/STM32F429I-Discovery/stm32f429i_discovery_io.c **** /** @defgroup STM32F429I_DISCOVERY_IO_Private_Variables STM32F429I DISCOVERY IO Private Variables
  58:Drivers/BSP/STM32F429I-Discovery/stm32f429i_discovery_io.c ****   * @{
  59:Drivers/BSP/STM32F429I-Discovery/stm32f429i_discovery_io.c ****   */
  60:Drivers/BSP/STM32F429I-Discovery/stm32f429i_discovery_io.c **** static IO_DrvTypeDef *IoDrv;
  61:Drivers/BSP/STM32F429I-Discovery/stm32f429i_discovery_io.c **** 
  62:Drivers/BSP/STM32F429I-Discovery/stm32f429i_discovery_io.c **** /**
  63:Drivers/BSP/STM32F429I-Discovery/stm32f429i_discovery_io.c ****   * @}
  64:Drivers/BSP/STM32F429I-Discovery/stm32f429i_discovery_io.c ****   */
  65:Drivers/BSP/STM32F429I-Discovery/stm32f429i_discovery_io.c **** 
  66:Drivers/BSP/STM32F429I-Discovery/stm32f429i_discovery_io.c **** 
  67:Drivers/BSP/STM32F429I-Discovery/stm32f429i_discovery_io.c **** /** @defgroup STM32F429I_DISCOVERY_IO_Private_Function_Prototypes STM32F429I DISCOVERY IO Private F
  68:Drivers/BSP/STM32F429I-Discovery/stm32f429i_discovery_io.c ****   * @{
  69:Drivers/BSP/STM32F429I-Discovery/stm32f429i_discovery_io.c ****   */
  70:Drivers/BSP/STM32F429I-Discovery/stm32f429i_discovery_io.c **** /**
  71:Drivers/BSP/STM32F429I-Discovery/stm32f429i_discovery_io.c ****   * @}
  72:Drivers/BSP/STM32F429I-Discovery/stm32f429i_discovery_io.c ****   */
  73:Drivers/BSP/STM32F429I-Discovery/stm32f429i_discovery_io.c **** 
  74:Drivers/BSP/STM32F429I-Discovery/stm32f429i_discovery_io.c **** /** @defgroup STM32F429I_DISCOVERY_IO_Private_Functions STM32F429I DISCOVERY IO Private Functions
  75:Drivers/BSP/STM32F429I-Discovery/stm32f429i_discovery_io.c ****   * @{
  76:Drivers/BSP/STM32F429I-Discovery/stm32f429i_discovery_io.c ****   */
  77:Drivers/BSP/STM32F429I-Discovery/stm32f429i_discovery_io.c **** 
  78:Drivers/BSP/STM32F429I-Discovery/stm32f429i_discovery_io.c **** /**
  79:Drivers/BSP/STM32F429I-Discovery/stm32f429i_discovery_io.c ****   * @brief  Initializes and configures the IO functionalities and configures all
  80:Drivers/BSP/STM32F429I-Discovery/stm32f429i_discovery_io.c ****   *         necessary hardware resources (GPIOs, clocks..).
  81:Drivers/BSP/STM32F429I-Discovery/stm32f429i_discovery_io.c ****   * @note   BSP_IO_Init() is using HAL_Delay() function to ensure that stmpe811
  82:Drivers/BSP/STM32F429I-Discovery/stm32f429i_discovery_io.c ****   *         IO Expander is correctly reset. HAL_Delay() function provides accurate
  83:Drivers/BSP/STM32F429I-Discovery/stm32f429i_discovery_io.c ****   *         delay (in milliseconds) based on variable incremented in SysTick ISR.
ARM GAS  /var/folders/06/9k7gq4t13mj84z2yhw3grvhc0000gn/T//ccAuLjSt.s 			page 3


  84:Drivers/BSP/STM32F429I-Discovery/stm32f429i_discovery_io.c ****   *         This implies that if BSP_IO_Init() is called from a peripheral ISR process,
  85:Drivers/BSP/STM32F429I-Discovery/stm32f429i_discovery_io.c ****   *         then the SysTick interrupt must have higher priority (numerically lower)
  86:Drivers/BSP/STM32F429I-Discovery/stm32f429i_discovery_io.c ****   *         than the peripheral interrupt. Otherwise the caller ISR process will be blocked.
  87:Drivers/BSP/STM32F429I-Discovery/stm32f429i_discovery_io.c ****   * @retval IO_OK if all initializations done correctly. Other value if error.
  88:Drivers/BSP/STM32F429I-Discovery/stm32f429i_discovery_io.c ****   */
  89:Drivers/BSP/STM32F429I-Discovery/stm32f429i_discovery_io.c **** uint8_t BSP_IO_Init(void)
  90:Drivers/BSP/STM32F429I-Discovery/stm32f429i_discovery_io.c **** {
  35              		.loc 1 90 1
  36              		.cfi_startproc
  37              		@ args = 0, pretend = 0, frame = 8
  38              		@ frame_needed = 1, uses_anonymous_args = 0
  39 0000 80B5     		push	{r7, lr}
  40              	.LCFI0:
  41              		.cfi_def_cfa_offset 8
  42              		.cfi_offset 7, -8
  43              		.cfi_offset 14, -4
  44 0002 82B0     		sub	sp, sp, #8
  45              	.LCFI1:
  46              		.cfi_def_cfa_offset 16
  47 0004 00AF     		add	r7, sp, #0
  48              	.LCFI2:
  49              		.cfi_def_cfa_register 7
  91:Drivers/BSP/STM32F429I-Discovery/stm32f429i_discovery_io.c ****   uint8_t ret = IO_ERROR;
  50              		.loc 1 91 11
  51 0006 0123     		movs	r3, #1
  52 0008 FB71     		strb	r3, [r7, #7]
  92:Drivers/BSP/STM32F429I-Discovery/stm32f429i_discovery_io.c **** 
  93:Drivers/BSP/STM32F429I-Discovery/stm32f429i_discovery_io.c ****   /* Read ID and verify the IO expander is ready */
  94:Drivers/BSP/STM32F429I-Discovery/stm32f429i_discovery_io.c ****   if (stmpe811_io_drv.ReadID(IO_I2C_ADDRESS) == STMPE811_ID)
  53              		.loc 1 94 22
  54 000a 114B     		ldr	r3, .L5
  55 000c 5B68     		ldr	r3, [r3, #4]
  56              		.loc 1 94 7
  57 000e 8220     		movs	r0, #130
  58 0010 9847     		blx	r3
  59              	.LVL0:
  60 0012 0346     		mov	r3, r0
  61 0014 1A46     		mov	r2, r3
  62              		.loc 1 94 6 discriminator 1
  63 0016 40F61103 		movw	r3, #2065
  64 001a 9A42     		cmp	r2, r3
  65 001c 04D1     		bne	.L2
  95:Drivers/BSP/STM32F429I-Discovery/stm32f429i_discovery_io.c ****   {
  96:Drivers/BSP/STM32F429I-Discovery/stm32f429i_discovery_io.c ****     /* Initialize the IO driver structure */
  97:Drivers/BSP/STM32F429I-Discovery/stm32f429i_discovery_io.c ****     IoDrv = &stmpe811_io_drv;
  66              		.loc 1 97 11
  67 001e 0D4B     		ldr	r3, .L5+4
  68 0020 0B4A     		ldr	r2, .L5
  69 0022 1A60     		str	r2, [r3]
  98:Drivers/BSP/STM32F429I-Discovery/stm32f429i_discovery_io.c ****     ret = IO_OK;
  70              		.loc 1 98 9
  71 0024 0023     		movs	r3, #0
  72 0026 FB71     		strb	r3, [r7, #7]
  73              	.L2:
  99:Drivers/BSP/STM32F429I-Discovery/stm32f429i_discovery_io.c ****   }
 100:Drivers/BSP/STM32F429I-Discovery/stm32f429i_discovery_io.c **** 
 101:Drivers/BSP/STM32F429I-Discovery/stm32f429i_discovery_io.c ****   if (ret == IO_OK)
ARM GAS  /var/folders/06/9k7gq4t13mj84z2yhw3grvhc0000gn/T//ccAuLjSt.s 			page 4


  74              		.loc 1 101 6
  75 0028 FB79     		ldrb	r3, [r7, #7]	@ zero_extendqisi2
  76 002a 002B     		cmp	r3, #0
  77 002c 0AD1     		bne	.L3
 102:Drivers/BSP/STM32F429I-Discovery/stm32f429i_discovery_io.c ****   {
 103:Drivers/BSP/STM32F429I-Discovery/stm32f429i_discovery_io.c ****     IoDrv->Init(IO_I2C_ADDRESS);
  78              		.loc 1 103 10
  79 002e 094B     		ldr	r3, .L5+4
  80 0030 1B68     		ldr	r3, [r3]
  81 0032 1B68     		ldr	r3, [r3]
  82              		.loc 1 103 5
  83 0034 8220     		movs	r0, #130
  84 0036 9847     		blx	r3
  85              	.LVL1:
 104:Drivers/BSP/STM32F429I-Discovery/stm32f429i_discovery_io.c ****     IoDrv->Start(IO_I2C_ADDRESS, IO_PIN_ALL);
  86              		.loc 1 104 10
  87 0038 064B     		ldr	r3, .L5+4
  88 003a 1B68     		ldr	r3, [r3]
  89 003c DB68     		ldr	r3, [r3, #12]
  90              		.loc 1 104 5
  91 003e FF21     		movs	r1, #255
  92 0040 8220     		movs	r0, #130
  93 0042 9847     		blx	r3
  94              	.LVL2:
  95              	.L3:
 105:Drivers/BSP/STM32F429I-Discovery/stm32f429i_discovery_io.c ****   }
 106:Drivers/BSP/STM32F429I-Discovery/stm32f429i_discovery_io.c ****   return ret;
  96              		.loc 1 106 10
  97 0044 FB79     		ldrb	r3, [r7, #7]	@ zero_extendqisi2
 107:Drivers/BSP/STM32F429I-Discovery/stm32f429i_discovery_io.c **** }
  98              		.loc 1 107 1
  99 0046 1846     		mov	r0, r3
 100 0048 0837     		adds	r7, r7, #8
 101              	.LCFI3:
 102              		.cfi_def_cfa_offset 8
 103 004a BD46     		mov	sp, r7
 104              	.LCFI4:
 105              		.cfi_def_cfa_register 13
 106              		@ sp needed
 107 004c 80BD     		pop	{r7, pc}
 108              	.L6:
 109 004e 00BF     		.align	2
 110              	.L5:
 111 0050 00000000 		.word	stmpe811_io_drv
 112 0054 00000000 		.word	IoDrv
 113              		.cfi_endproc
 114              	.LFE134:
 116              		.section	.text.BSP_IO_ITGetStatus,"ax",%progbits
 117              		.align	1
 118              		.global	BSP_IO_ITGetStatus
 119              		.syntax unified
 120              		.thumb
 121              		.thumb_func
 123              	BSP_IO_ITGetStatus:
 124              	.LFB135:
 108:Drivers/BSP/STM32F429I-Discovery/stm32f429i_discovery_io.c **** 
 109:Drivers/BSP/STM32F429I-Discovery/stm32f429i_discovery_io.c **** /**
ARM GAS  /var/folders/06/9k7gq4t13mj84z2yhw3grvhc0000gn/T//ccAuLjSt.s 			page 5


 110:Drivers/BSP/STM32F429I-Discovery/stm32f429i_discovery_io.c ****   * @brief  Gets the selected pins IT status.
 111:Drivers/BSP/STM32F429I-Discovery/stm32f429i_discovery_io.c ****   * @param  IoPin: The selected pins to check the status.
 112:Drivers/BSP/STM32F429I-Discovery/stm32f429i_discovery_io.c ****   *         This parameter could be any combination of the IO pins.
 113:Drivers/BSP/STM32F429I-Discovery/stm32f429i_discovery_io.c ****   * @retval Status of IO Pin checked.
 114:Drivers/BSP/STM32F429I-Discovery/stm32f429i_discovery_io.c ****   */
 115:Drivers/BSP/STM32F429I-Discovery/stm32f429i_discovery_io.c **** uint8_t BSP_IO_ITGetStatus(uint16_t IoPin)
 116:Drivers/BSP/STM32F429I-Discovery/stm32f429i_discovery_io.c **** {
 125              		.loc 1 116 1
 126              		.cfi_startproc
 127              		@ args = 0, pretend = 0, frame = 8
 128              		@ frame_needed = 1, uses_anonymous_args = 0
 129 0000 80B5     		push	{r7, lr}
 130              	.LCFI5:
 131              		.cfi_def_cfa_offset 8
 132              		.cfi_offset 7, -8
 133              		.cfi_offset 14, -4
 134 0002 82B0     		sub	sp, sp, #8
 135              	.LCFI6:
 136              		.cfi_def_cfa_offset 16
 137 0004 00AF     		add	r7, sp, #0
 138              	.LCFI7:
 139              		.cfi_def_cfa_register 7
 140 0006 0346     		mov	r3, r0
 141 0008 FB80     		strh	r3, [r7, #6]	@ movhi
 117:Drivers/BSP/STM32F429I-Discovery/stm32f429i_discovery_io.c ****   /* Return the IO Pin IT status */
 118:Drivers/BSP/STM32F429I-Discovery/stm32f429i_discovery_io.c ****   return (IoDrv->ITStatus(IO_I2C_ADDRESS, IoPin));
 142              		.loc 1 118 16
 143 000a 064B     		ldr	r3, .L9
 144 000c 1B68     		ldr	r3, [r3]
 145 000e 5B6A     		ldr	r3, [r3, #36]
 146              		.loc 1 118 11
 147 0010 FA88     		ldrh	r2, [r7, #6]
 148 0012 1146     		mov	r1, r2
 149 0014 8220     		movs	r0, #130
 150 0016 9847     		blx	r3
 151              	.LVL3:
 152 0018 0346     		mov	r3, r0
 153              		.loc 1 118 11 is_stmt 0 discriminator 1
 154 001a DBB2     		uxtb	r3, r3
 119:Drivers/BSP/STM32F429I-Discovery/stm32f429i_discovery_io.c **** }
 155              		.loc 1 119 1 is_stmt 1
 156 001c 1846     		mov	r0, r3
 157 001e 0837     		adds	r7, r7, #8
 158              	.LCFI8:
 159              		.cfi_def_cfa_offset 8
 160 0020 BD46     		mov	sp, r7
 161              	.LCFI9:
 162              		.cfi_def_cfa_register 13
 163              		@ sp needed
 164 0022 80BD     		pop	{r7, pc}
 165              	.L10:
 166              		.align	2
 167              	.L9:
 168 0024 00000000 		.word	IoDrv
 169              		.cfi_endproc
 170              	.LFE135:
 172              		.section	.text.BSP_IO_ITClear,"ax",%progbits
ARM GAS  /var/folders/06/9k7gq4t13mj84z2yhw3grvhc0000gn/T//ccAuLjSt.s 			page 6


 173              		.align	1
 174              		.global	BSP_IO_ITClear
 175              		.syntax unified
 176              		.thumb
 177              		.thumb_func
 179              	BSP_IO_ITClear:
 180              	.LFB136:
 120:Drivers/BSP/STM32F429I-Discovery/stm32f429i_discovery_io.c **** 
 121:Drivers/BSP/STM32F429I-Discovery/stm32f429i_discovery_io.c **** /**
 122:Drivers/BSP/STM32F429I-Discovery/stm32f429i_discovery_io.c ****   * @brief  Clears all the IO IT pending bits
 123:Drivers/BSP/STM32F429I-Discovery/stm32f429i_discovery_io.c ****   */
 124:Drivers/BSP/STM32F429I-Discovery/stm32f429i_discovery_io.c **** void BSP_IO_ITClear(void)
 125:Drivers/BSP/STM32F429I-Discovery/stm32f429i_discovery_io.c **** {
 181              		.loc 1 125 1
 182              		.cfi_startproc
 183              		@ args = 0, pretend = 0, frame = 0
 184              		@ frame_needed = 1, uses_anonymous_args = 0
 185 0000 80B5     		push	{r7, lr}
 186              	.LCFI10:
 187              		.cfi_def_cfa_offset 8
 188              		.cfi_offset 7, -8
 189              		.cfi_offset 14, -4
 190 0002 00AF     		add	r7, sp, #0
 191              	.LCFI11:
 192              		.cfi_def_cfa_register 7
 126:Drivers/BSP/STM32F429I-Discovery/stm32f429i_discovery_io.c ****   /* Clear all IO IT pending bits */
 127:Drivers/BSP/STM32F429I-Discovery/stm32f429i_discovery_io.c ****   IoDrv->ClearIT(IO_I2C_ADDRESS, IO_PIN_ALL);
 193              		.loc 1 127 8
 194 0004 034B     		ldr	r3, .L12
 195 0006 1B68     		ldr	r3, [r3]
 196 0008 9B6A     		ldr	r3, [r3, #40]
 197              		.loc 1 127 3
 198 000a FF21     		movs	r1, #255
 199 000c 8220     		movs	r0, #130
 200 000e 9847     		blx	r3
 201              	.LVL4:
 128:Drivers/BSP/STM32F429I-Discovery/stm32f429i_discovery_io.c **** }
 202              		.loc 1 128 1
 203 0010 00BF     		nop
 204 0012 80BD     		pop	{r7, pc}
 205              	.L13:
 206              		.align	2
 207              	.L12:
 208 0014 00000000 		.word	IoDrv
 209              		.cfi_endproc
 210              	.LFE136:
 212              		.section	.text.BSP_IO_ConfigPin,"ax",%progbits
 213              		.align	1
 214              		.global	BSP_IO_ConfigPin
 215              		.syntax unified
 216              		.thumb
 217              		.thumb_func
 219              	BSP_IO_ConfigPin:
 220              	.LFB137:
 129:Drivers/BSP/STM32F429I-Discovery/stm32f429i_discovery_io.c **** 
 130:Drivers/BSP/STM32F429I-Discovery/stm32f429i_discovery_io.c **** /**
 131:Drivers/BSP/STM32F429I-Discovery/stm32f429i_discovery_io.c ****   * @brief  Configures the IO pin(s) according to IO mode structure value.
ARM GAS  /var/folders/06/9k7gq4t13mj84z2yhw3grvhc0000gn/T//ccAuLjSt.s 			page 7


 132:Drivers/BSP/STM32F429I-Discovery/stm32f429i_discovery_io.c ****   * @param  IoPin: IO pin(s) to be configured.
 133:Drivers/BSP/STM32F429I-Discovery/stm32f429i_discovery_io.c ****   *         This parameter could be any combination of the following values:
 134:Drivers/BSP/STM32F429I-Discovery/stm32f429i_discovery_io.c ****   *   @arg  STMPE811_PIN_x: where x can be from 0 to 7.
 135:Drivers/BSP/STM32F429I-Discovery/stm32f429i_discovery_io.c ****   * @param  IoMode: The IO pin mode to configure, could be one of the following values:
 136:Drivers/BSP/STM32F429I-Discovery/stm32f429i_discovery_io.c ****   *   @arg  IO_MODE_INPUT
 137:Drivers/BSP/STM32F429I-Discovery/stm32f429i_discovery_io.c ****   *   @arg  IO_MODE_OUTPUT
 138:Drivers/BSP/STM32F429I-Discovery/stm32f429i_discovery_io.c ****   *   @arg  IO_MODE_IT_RISING_EDGE
 139:Drivers/BSP/STM32F429I-Discovery/stm32f429i_discovery_io.c ****   *   @arg  IO_MODE_IT_FALLING_EDGE
 140:Drivers/BSP/STM32F429I-Discovery/stm32f429i_discovery_io.c ****   *   @arg  IO_MODE_IT_LOW_LEVEL
 141:Drivers/BSP/STM32F429I-Discovery/stm32f429i_discovery_io.c ****   *   @arg  IO_MODE_IT_HIGH_LEVEL
 142:Drivers/BSP/STM32F429I-Discovery/stm32f429i_discovery_io.c ****   */
 143:Drivers/BSP/STM32F429I-Discovery/stm32f429i_discovery_io.c **** void BSP_IO_ConfigPin(uint16_t IoPin, IO_ModeTypedef IoMode)
 144:Drivers/BSP/STM32F429I-Discovery/stm32f429i_discovery_io.c **** {
 221              		.loc 1 144 1
 222              		.cfi_startproc
 223              		@ args = 0, pretend = 0, frame = 8
 224              		@ frame_needed = 1, uses_anonymous_args = 0
 225 0000 80B5     		push	{r7, lr}
 226              	.LCFI12:
 227              		.cfi_def_cfa_offset 8
 228              		.cfi_offset 7, -8
 229              		.cfi_offset 14, -4
 230 0002 82B0     		sub	sp, sp, #8
 231              	.LCFI13:
 232              		.cfi_def_cfa_offset 16
 233 0004 00AF     		add	r7, sp, #0
 234              	.LCFI14:
 235              		.cfi_def_cfa_register 7
 236 0006 0346     		mov	r3, r0
 237 0008 0A46     		mov	r2, r1
 238 000a FB80     		strh	r3, [r7, #6]	@ movhi
 239 000c 1346     		mov	r3, r2
 240 000e 7B71     		strb	r3, [r7, #5]
 145:Drivers/BSP/STM32F429I-Discovery/stm32f429i_discovery_io.c ****   /* Configure the selected IO pin(s) mode */
 146:Drivers/BSP/STM32F429I-Discovery/stm32f429i_discovery_io.c ****   IoDrv->Config(IO_I2C_ADDRESS, IoPin, IoMode);
 241              		.loc 1 146 8
 242 0010 054B     		ldr	r3, .L15
 243 0012 1B68     		ldr	r3, [r3]
 244 0014 1B69     		ldr	r3, [r3, #16]
 245              		.loc 1 146 3
 246 0016 F988     		ldrh	r1, [r7, #6]
 247 0018 7A79     		ldrb	r2, [r7, #5]	@ zero_extendqisi2
 248 001a 8220     		movs	r0, #130
 249 001c 9847     		blx	r3
 250              	.LVL5:
 147:Drivers/BSP/STM32F429I-Discovery/stm32f429i_discovery_io.c **** }
 251              		.loc 1 147 1
 252 001e 00BF     		nop
 253 0020 0837     		adds	r7, r7, #8
 254              	.LCFI15:
 255              		.cfi_def_cfa_offset 8
 256 0022 BD46     		mov	sp, r7
 257              	.LCFI16:
 258              		.cfi_def_cfa_register 13
 259              		@ sp needed
 260 0024 80BD     		pop	{r7, pc}
 261              	.L16:
ARM GAS  /var/folders/06/9k7gq4t13mj84z2yhw3grvhc0000gn/T//ccAuLjSt.s 			page 8


 262 0026 00BF     		.align	2
 263              	.L15:
 264 0028 00000000 		.word	IoDrv
 265              		.cfi_endproc
 266              	.LFE137:
 268              		.section	.text.BSP_IO_WritePin,"ax",%progbits
 269              		.align	1
 270              		.global	BSP_IO_WritePin
 271              		.syntax unified
 272              		.thumb
 273              		.thumb_func
 275              	BSP_IO_WritePin:
 276              	.LFB138:
 148:Drivers/BSP/STM32F429I-Discovery/stm32f429i_discovery_io.c **** 
 149:Drivers/BSP/STM32F429I-Discovery/stm32f429i_discovery_io.c **** /**
 150:Drivers/BSP/STM32F429I-Discovery/stm32f429i_discovery_io.c ****   * @brief  Sets the selected pins state.
 151:Drivers/BSP/STM32F429I-Discovery/stm32f429i_discovery_io.c ****   * @param  IoPin: The selected pins to write.
 152:Drivers/BSP/STM32F429I-Discovery/stm32f429i_discovery_io.c ****   *         This parameter could be any combination of the IO pins.
 153:Drivers/BSP/STM32F429I-Discovery/stm32f429i_discovery_io.c ****   * @param  PinState: the new pins state to write
 154:Drivers/BSP/STM32F429I-Discovery/stm32f429i_discovery_io.c ****   */
 155:Drivers/BSP/STM32F429I-Discovery/stm32f429i_discovery_io.c **** void BSP_IO_WritePin(uint16_t IoPin, uint8_t PinState)
 156:Drivers/BSP/STM32F429I-Discovery/stm32f429i_discovery_io.c **** {
 277              		.loc 1 156 1
 278              		.cfi_startproc
 279              		@ args = 0, pretend = 0, frame = 8
 280              		@ frame_needed = 1, uses_anonymous_args = 0
 281 0000 80B5     		push	{r7, lr}
 282              	.LCFI17:
 283              		.cfi_def_cfa_offset 8
 284              		.cfi_offset 7, -8
 285              		.cfi_offset 14, -4
 286 0002 82B0     		sub	sp, sp, #8
 287              	.LCFI18:
 288              		.cfi_def_cfa_offset 16
 289 0004 00AF     		add	r7, sp, #0
 290              	.LCFI19:
 291              		.cfi_def_cfa_register 7
 292 0006 0346     		mov	r3, r0
 293 0008 0A46     		mov	r2, r1
 294 000a FB80     		strh	r3, [r7, #6]	@ movhi
 295 000c 1346     		mov	r3, r2
 296 000e 7B71     		strb	r3, [r7, #5]
 157:Drivers/BSP/STM32F429I-Discovery/stm32f429i_discovery_io.c ****   /* Set the Pin state */
 158:Drivers/BSP/STM32F429I-Discovery/stm32f429i_discovery_io.c ****   IoDrv->WritePin(IO_I2C_ADDRESS, IoPin, PinState);
 297              		.loc 1 158 8
 298 0010 054B     		ldr	r3, .L18
 299 0012 1B68     		ldr	r3, [r3]
 300 0014 5B69     		ldr	r3, [r3, #20]
 301              		.loc 1 158 3
 302 0016 F988     		ldrh	r1, [r7, #6]
 303 0018 7A79     		ldrb	r2, [r7, #5]	@ zero_extendqisi2
 304 001a 8220     		movs	r0, #130
 305 001c 9847     		blx	r3
 306              	.LVL6:
 159:Drivers/BSP/STM32F429I-Discovery/stm32f429i_discovery_io.c **** }
 307              		.loc 1 159 1
 308 001e 00BF     		nop
ARM GAS  /var/folders/06/9k7gq4t13mj84z2yhw3grvhc0000gn/T//ccAuLjSt.s 			page 9


 309 0020 0837     		adds	r7, r7, #8
 310              	.LCFI20:
 311              		.cfi_def_cfa_offset 8
 312 0022 BD46     		mov	sp, r7
 313              	.LCFI21:
 314              		.cfi_def_cfa_register 13
 315              		@ sp needed
 316 0024 80BD     		pop	{r7, pc}
 317              	.L19:
 318 0026 00BF     		.align	2
 319              	.L18:
 320 0028 00000000 		.word	IoDrv
 321              		.cfi_endproc
 322              	.LFE138:
 324              		.section	.text.BSP_IO_ReadPin,"ax",%progbits
 325              		.align	1
 326              		.global	BSP_IO_ReadPin
 327              		.syntax unified
 328              		.thumb
 329              		.thumb_func
 331              	BSP_IO_ReadPin:
 332              	.LFB139:
 160:Drivers/BSP/STM32F429I-Discovery/stm32f429i_discovery_io.c **** 
 161:Drivers/BSP/STM32F429I-Discovery/stm32f429i_discovery_io.c **** /**
 162:Drivers/BSP/STM32F429I-Discovery/stm32f429i_discovery_io.c ****   * @brief  Gets the selected pins current state.
 163:Drivers/BSP/STM32F429I-Discovery/stm32f429i_discovery_io.c ****   * @param  IoPin: The selected pins to read.
 164:Drivers/BSP/STM32F429I-Discovery/stm32f429i_discovery_io.c ****   *         This parameter could be any combination of the IO pins.
 165:Drivers/BSP/STM32F429I-Discovery/stm32f429i_discovery_io.c ****   * @retval The current pins state
 166:Drivers/BSP/STM32F429I-Discovery/stm32f429i_discovery_io.c ****   */
 167:Drivers/BSP/STM32F429I-Discovery/stm32f429i_discovery_io.c **** uint16_t BSP_IO_ReadPin(uint16_t IoPin)
 168:Drivers/BSP/STM32F429I-Discovery/stm32f429i_discovery_io.c **** {
 333              		.loc 1 168 1
 334              		.cfi_startproc
 335              		@ args = 0, pretend = 0, frame = 8
 336              		@ frame_needed = 1, uses_anonymous_args = 0
 337 0000 80B5     		push	{r7, lr}
 338              	.LCFI22:
 339              		.cfi_def_cfa_offset 8
 340              		.cfi_offset 7, -8
 341              		.cfi_offset 14, -4
 342 0002 82B0     		sub	sp, sp, #8
 343              	.LCFI23:
 344              		.cfi_def_cfa_offset 16
 345 0004 00AF     		add	r7, sp, #0
 346              	.LCFI24:
 347              		.cfi_def_cfa_register 7
 348 0006 0346     		mov	r3, r0
 349 0008 FB80     		strh	r3, [r7, #6]	@ movhi
 169:Drivers/BSP/STM32F429I-Discovery/stm32f429i_discovery_io.c ****   return (IoDrv->ReadPin(IO_I2C_ADDRESS, IoPin));
 350              		.loc 1 169 16
 351 000a 064B     		ldr	r3, .L22
 352 000c 1B68     		ldr	r3, [r3]
 353 000e 9B69     		ldr	r3, [r3, #24]
 354              		.loc 1 169 11
 355 0010 FA88     		ldrh	r2, [r7, #6]
 356 0012 1146     		mov	r1, r2
 357 0014 8220     		movs	r0, #130
ARM GAS  /var/folders/06/9k7gq4t13mj84z2yhw3grvhc0000gn/T//ccAuLjSt.s 			page 10


 358 0016 9847     		blx	r3
 359              	.LVL7:
 360 0018 0346     		mov	r3, r0
 361              		.loc 1 169 11 is_stmt 0 discriminator 1
 362 001a 9BB2     		uxth	r3, r3
 170:Drivers/BSP/STM32F429I-Discovery/stm32f429i_discovery_io.c **** }
 363              		.loc 1 170 1 is_stmt 1
 364 001c 1846     		mov	r0, r3
 365 001e 0837     		adds	r7, r7, #8
 366              	.LCFI25:
 367              		.cfi_def_cfa_offset 8
 368 0020 BD46     		mov	sp, r7
 369              	.LCFI26:
 370              		.cfi_def_cfa_register 13
 371              		@ sp needed
 372 0022 80BD     		pop	{r7, pc}
 373              	.L23:
 374              		.align	2
 375              	.L22:
 376 0024 00000000 		.word	IoDrv
 377              		.cfi_endproc
 378              	.LFE139:
 380              		.section	.text.BSP_IO_TogglePin,"ax",%progbits
 381              		.align	1
 382              		.global	BSP_IO_TogglePin
 383              		.syntax unified
 384              		.thumb
 385              		.thumb_func
 387              	BSP_IO_TogglePin:
 388              	.LFB140:
 171:Drivers/BSP/STM32F429I-Discovery/stm32f429i_discovery_io.c **** 
 172:Drivers/BSP/STM32F429I-Discovery/stm32f429i_discovery_io.c **** /**
 173:Drivers/BSP/STM32F429I-Discovery/stm32f429i_discovery_io.c ****   * @brief  Toggles the selected pins state.
 174:Drivers/BSP/STM32F429I-Discovery/stm32f429i_discovery_io.c ****   * @param  IoPin: The selected pins to toggle.
 175:Drivers/BSP/STM32F429I-Discovery/stm32f429i_discovery_io.c ****   *         This parameter could be any combination of the IO pins.
 176:Drivers/BSP/STM32F429I-Discovery/stm32f429i_discovery_io.c ****   */
 177:Drivers/BSP/STM32F429I-Discovery/stm32f429i_discovery_io.c **** void BSP_IO_TogglePin(uint16_t IoPin)
 178:Drivers/BSP/STM32F429I-Discovery/stm32f429i_discovery_io.c **** {
 389              		.loc 1 178 1
 390              		.cfi_startproc
 391              		@ args = 0, pretend = 0, frame = 8
 392              		@ frame_needed = 1, uses_anonymous_args = 0
 393 0000 80B5     		push	{r7, lr}
 394              	.LCFI27:
 395              		.cfi_def_cfa_offset 8
 396              		.cfi_offset 7, -8
 397              		.cfi_offset 14, -4
 398 0002 82B0     		sub	sp, sp, #8
 399              	.LCFI28:
 400              		.cfi_def_cfa_offset 16
 401 0004 00AF     		add	r7, sp, #0
 402              	.LCFI29:
 403              		.cfi_def_cfa_register 7
 404 0006 0346     		mov	r3, r0
 405 0008 FB80     		strh	r3, [r7, #6]	@ movhi
 179:Drivers/BSP/STM32F429I-Discovery/stm32f429i_discovery_io.c ****   /* Toggle the current pin state */
 180:Drivers/BSP/STM32F429I-Discovery/stm32f429i_discovery_io.c ****   if (IoDrv->ReadPin(IO_I2C_ADDRESS, IoPin) == 1 /* Set */)
ARM GAS  /var/folders/06/9k7gq4t13mj84z2yhw3grvhc0000gn/T//ccAuLjSt.s 			page 11


 406              		.loc 1 180 12
 407 000a 0E4B     		ldr	r3, .L28
 408 000c 1B68     		ldr	r3, [r3]
 409 000e 9B69     		ldr	r3, [r3, #24]
 410              		.loc 1 180 7
 411 0010 FA88     		ldrh	r2, [r7, #6]
 412 0012 1146     		mov	r1, r2
 413 0014 8220     		movs	r0, #130
 414 0016 9847     		blx	r3
 415              	.LVL8:
 416 0018 0346     		mov	r3, r0
 417              		.loc 1 180 6 discriminator 1
 418 001a 012B     		cmp	r3, #1
 419 001c 07D1     		bne	.L25
 181:Drivers/BSP/STM32F429I-Discovery/stm32f429i_discovery_io.c ****   {
 182:Drivers/BSP/STM32F429I-Discovery/stm32f429i_discovery_io.c ****     IoDrv->WritePin(IO_I2C_ADDRESS, IoPin, 0 /* Reset */);
 420              		.loc 1 182 10
 421 001e 094B     		ldr	r3, .L28
 422 0020 1B68     		ldr	r3, [r3]
 423 0022 5B69     		ldr	r3, [r3, #20]
 424              		.loc 1 182 5
 425 0024 F988     		ldrh	r1, [r7, #6]
 426 0026 0022     		movs	r2, #0
 427 0028 8220     		movs	r0, #130
 428 002a 9847     		blx	r3
 429              	.LVL9:
 183:Drivers/BSP/STM32F429I-Discovery/stm32f429i_discovery_io.c ****   }
 184:Drivers/BSP/STM32F429I-Discovery/stm32f429i_discovery_io.c ****   else
 185:Drivers/BSP/STM32F429I-Discovery/stm32f429i_discovery_io.c ****   {
 186:Drivers/BSP/STM32F429I-Discovery/stm32f429i_discovery_io.c ****     IoDrv->WritePin(IO_I2C_ADDRESS, IoPin, 1 /* Set */);
 187:Drivers/BSP/STM32F429I-Discovery/stm32f429i_discovery_io.c ****   }
 188:Drivers/BSP/STM32F429I-Discovery/stm32f429i_discovery_io.c **** }
 430              		.loc 1 188 1
 431 002c 06E0     		b	.L27
 432              	.L25:
 186:Drivers/BSP/STM32F429I-Discovery/stm32f429i_discovery_io.c ****   }
 433              		.loc 1 186 10
 434 002e 054B     		ldr	r3, .L28
 435 0030 1B68     		ldr	r3, [r3]
 436 0032 5B69     		ldr	r3, [r3, #20]
 186:Drivers/BSP/STM32F429I-Discovery/stm32f429i_discovery_io.c ****   }
 437              		.loc 1 186 5
 438 0034 F988     		ldrh	r1, [r7, #6]
 439 0036 0122     		movs	r2, #1
 440 0038 8220     		movs	r0, #130
 441 003a 9847     		blx	r3
 442              	.LVL10:
 443              	.L27:
 444              		.loc 1 188 1
 445 003c 00BF     		nop
 446 003e 0837     		adds	r7, r7, #8
 447              	.LCFI30:
 448              		.cfi_def_cfa_offset 8
 449 0040 BD46     		mov	sp, r7
 450              	.LCFI31:
 451              		.cfi_def_cfa_register 13
 452              		@ sp needed
ARM GAS  /var/folders/06/9k7gq4t13mj84z2yhw3grvhc0000gn/T//ccAuLjSt.s 			page 12


 453 0042 80BD     		pop	{r7, pc}
 454              	.L29:
 455              		.align	2
 456              	.L28:
 457 0044 00000000 		.word	IoDrv
 458              		.cfi_endproc
 459              	.LFE140:
 461              		.text
 462              	.Letext0:
 463              		.file 2 "/Applications/ArmGNUToolchain/13.2.Rel1/arm-none-eabi/arm-none-eabi/include/machine/_defa
 464              		.file 3 "/Applications/ArmGNUToolchain/13.2.Rel1/arm-none-eabi/arm-none-eabi/include/sys/_stdint.h
 465              		.file 4 "Drivers/BSP/STM32F429I-Discovery/../Components/stmpe811/../Common/io.h"
 466              		.file 5 "Drivers/BSP/STM32F429I-Discovery/stm32f429i_discovery_io.h"
 467              		.file 6 "Drivers/BSP/STM32F429I-Discovery/../Components/stmpe811/stmpe811.h"
ARM GAS  /var/folders/06/9k7gq4t13mj84z2yhw3grvhc0000gn/T//ccAuLjSt.s 			page 13


DEFINED SYMBOLS
                            *ABS*:00000000 stm32f429i_discovery_io.c
/var/folders/06/9k7gq4t13mj84z2yhw3grvhc0000gn/T//ccAuLjSt.s:21     .bss.IoDrv:00000000 $d
/var/folders/06/9k7gq4t13mj84z2yhw3grvhc0000gn/T//ccAuLjSt.s:24     .bss.IoDrv:00000000 IoDrv
/var/folders/06/9k7gq4t13mj84z2yhw3grvhc0000gn/T//ccAuLjSt.s:27     .text.BSP_IO_Init:00000000 $t
/var/folders/06/9k7gq4t13mj84z2yhw3grvhc0000gn/T//ccAuLjSt.s:33     .text.BSP_IO_Init:00000000 BSP_IO_Init
/var/folders/06/9k7gq4t13mj84z2yhw3grvhc0000gn/T//ccAuLjSt.s:111    .text.BSP_IO_Init:00000050 $d
/var/folders/06/9k7gq4t13mj84z2yhw3grvhc0000gn/T//ccAuLjSt.s:117    .text.BSP_IO_ITGetStatus:00000000 $t
/var/folders/06/9k7gq4t13mj84z2yhw3grvhc0000gn/T//ccAuLjSt.s:123    .text.BSP_IO_ITGetStatus:00000000 BSP_IO_ITGetStatus
/var/folders/06/9k7gq4t13mj84z2yhw3grvhc0000gn/T//ccAuLjSt.s:168    .text.BSP_IO_ITGetStatus:00000024 $d
/var/folders/06/9k7gq4t13mj84z2yhw3grvhc0000gn/T//ccAuLjSt.s:173    .text.BSP_IO_ITClear:00000000 $t
/var/folders/06/9k7gq4t13mj84z2yhw3grvhc0000gn/T//ccAuLjSt.s:179    .text.BSP_IO_ITClear:00000000 BSP_IO_ITClear
/var/folders/06/9k7gq4t13mj84z2yhw3grvhc0000gn/T//ccAuLjSt.s:208    .text.BSP_IO_ITClear:00000014 $d
/var/folders/06/9k7gq4t13mj84z2yhw3grvhc0000gn/T//ccAuLjSt.s:213    .text.BSP_IO_ConfigPin:00000000 $t
/var/folders/06/9k7gq4t13mj84z2yhw3grvhc0000gn/T//ccAuLjSt.s:219    .text.BSP_IO_ConfigPin:00000000 BSP_IO_ConfigPin
/var/folders/06/9k7gq4t13mj84z2yhw3grvhc0000gn/T//ccAuLjSt.s:264    .text.BSP_IO_ConfigPin:00000028 $d
/var/folders/06/9k7gq4t13mj84z2yhw3grvhc0000gn/T//ccAuLjSt.s:269    .text.BSP_IO_WritePin:00000000 $t
/var/folders/06/9k7gq4t13mj84z2yhw3grvhc0000gn/T//ccAuLjSt.s:275    .text.BSP_IO_WritePin:00000000 BSP_IO_WritePin
/var/folders/06/9k7gq4t13mj84z2yhw3grvhc0000gn/T//ccAuLjSt.s:320    .text.BSP_IO_WritePin:00000028 $d
/var/folders/06/9k7gq4t13mj84z2yhw3grvhc0000gn/T//ccAuLjSt.s:325    .text.BSP_IO_ReadPin:00000000 $t
/var/folders/06/9k7gq4t13mj84z2yhw3grvhc0000gn/T//ccAuLjSt.s:331    .text.BSP_IO_ReadPin:00000000 BSP_IO_ReadPin
/var/folders/06/9k7gq4t13mj84z2yhw3grvhc0000gn/T//ccAuLjSt.s:376    .text.BSP_IO_ReadPin:00000024 $d
/var/folders/06/9k7gq4t13mj84z2yhw3grvhc0000gn/T//ccAuLjSt.s:381    .text.BSP_IO_TogglePin:00000000 $t
/var/folders/06/9k7gq4t13mj84z2yhw3grvhc0000gn/T//ccAuLjSt.s:387    .text.BSP_IO_TogglePin:00000000 BSP_IO_TogglePin
/var/folders/06/9k7gq4t13mj84z2yhw3grvhc0000gn/T//ccAuLjSt.s:457    .text.BSP_IO_TogglePin:00000044 $d

UNDEFINED SYMBOLS
stmpe811_io_drv
